{"/Users/brendan/Documents/development/portfolio/explorersConnect/client/src/actions/alert.js": {"path":"/Users/brendan/Documents/development/portfolio/explorersConnect/client/src/actions/alert.js","statementMap":{"0":{"start":{"line":8,"column":24},"end":{"line":16,"column":1}},"1":{"start":{"line":8,"column":60},"end":{"line":16,"column":1}},"2":{"start":{"line":9,"column":13},"end":{"line":9,"column":22}},"3":{"start":{"line":10,"column":2},"end":{"line":13,"column":5}},"4":{"start":{"line":15,"column":2},"end":{"line":15,"column":75}},"5":{"start":{"line":15,"column":19},"end":{"line":15,"column":64}}},"fnMap":{"0":{"name":"(anonymous_0)","decl":{"start":{"line":8,"column":24},"end":{"line":8,"column":25}},"loc":{"start":{"line":8,"column":60},"end":{"line":16,"column":1}},"line":8},"1":{"name":"(anonymous_1)","decl":{"start":{"line":8,"column":60},"end":{"line":8,"column":61}},"loc":{"start":{"line":8,"column":72},"end":{"line":16,"column":1}},"line":8},"2":{"name":"(anonymous_2)","decl":{"start":{"line":15,"column":13},"end":{"line":15,"column":14}},"loc":{"start":{"line":15,"column":19},"end":{"line":15,"column":64}},"line":15}},"branchMap":{"0":{"loc":{"start":{"line":8,"column":41},"end":{"line":8,"column":55}},"type":"default-arg","locations":[{"start":{"line":8,"column":51},"end":{"line":8,"column":55}}],"line":8}},"s":{"0":9,"1":10,"2":10,"3":10,"4":10,"5":1},"f":{"0":10,"1":10,"2":1},"b":{"0":[10]},"_coverageSchema":"43e27e138ebf9cfc5966b082cf9a028302ed4184","hash":"0ec868b5458f5b0ca5240f141475dd3396c91b60"}
,"/Users/brendan/Documents/development/portfolio/explorersConnect/client/src/actions/auth.js": {"path":"/Users/brendan/Documents/development/portfolio/explorersConnect/client/src/actions/auth.js","statementMap":{"0":{"start":{"line":17,"column":24},"end":{"line":37,"column":1}},"1":{"start":{"line":17,"column":30},"end":{"line":37,"column":1}},"2":{"start":{"line":19,"column":2},"end":{"line":21,"column":3}},"3":{"start":{"line":20,"column":4},"end":{"line":20,"column":37}},"4":{"start":{"line":23,"column":2},"end":{"line":36,"column":3}},"5":{"start":{"line":25,"column":16},"end":{"line":25,"column":44}},"6":{"start":{"line":28,"column":4},"end":{"line":31,"column":7}},"7":{"start":{"line":33,"column":4},"end":{"line":35,"column":7}},"8":{"start":{"line":42,"column":24},"end":{"line":70,"column":1}},"9":{"start":{"line":42,"column":55},"end":{"line":70,"column":1}},"10":{"start":{"line":44,"column":17},"end":{"line":48,"column":3}},"11":{"start":{"line":51,"column":15},"end":{"line":51,"column":56}},"12":{"start":{"line":53,"column":2},"end":{"line":69,"column":3}},"13":{"start":{"line":55,"column":16},"end":{"line":55,"column":60}},"14":{"start":{"line":58,"column":4},"end":{"line":61,"column":7}},"15":{"start":{"line":63,"column":4},"end":{"line":63,"column":25}},"16":{"start":{"line":66,"column":4},"end":{"line":68,"column":7}},"17":{"start":{"line":75,"column":21},"end":{"line":102,"column":1}},"18":{"start":{"line":75,"column":46},"end":{"line":102,"column":1}},"19":{"start":{"line":77,"column":17},"end":{"line":81,"column":3}},"20":{"start":{"line":84,"column":15},"end":{"line":84,"column":50}},"21":{"start":{"line":86,"column":2},"end":{"line":101,"column":3}},"22":{"start":{"line":88,"column":16},"end":{"line":88,"column":59}},"23":{"start":{"line":91,"column":4},"end":{"line":94,"column":7}},"24":{"start":{"line":95,"column":4},"end":{"line":95,"column":25}},"25":{"start":{"line":98,"column":4},"end":{"line":100,"column":7}},"26":{"start":{"line":105,"column":22},"end":{"line":112,"column":1}},"27":{"start":{"line":105,"column":28},"end":{"line":112,"column":1}},"28":{"start":{"line":106,"column":2},"end":{"line":108,"column":5}},"29":{"start":{"line":109,"column":2},"end":{"line":111,"column":5}}},"fnMap":{"0":{"name":"(anonymous_0)","decl":{"start":{"line":17,"column":24},"end":{"line":17,"column":25}},"loc":{"start":{"line":17,"column":30},"end":{"line":37,"column":1}},"line":17},"1":{"name":"(anonymous_1)","decl":{"start":{"line":17,"column":30},"end":{"line":17,"column":31}},"loc":{"start":{"line":17,"column":50},"end":{"line":37,"column":1}},"line":17},"2":{"name":"(anonymous_2)","decl":{"start":{"line":42,"column":24},"end":{"line":42,"column":25}},"loc":{"start":{"line":42,"column":55},"end":{"line":70,"column":1}},"line":42},"3":{"name":"(anonymous_3)","decl":{"start":{"line":42,"column":55},"end":{"line":42,"column":56}},"loc":{"start":{"line":42,"column":75},"end":{"line":70,"column":1}},"line":42},"4":{"name":"(anonymous_4)","decl":{"start":{"line":75,"column":21},"end":{"line":75,"column":22}},"loc":{"start":{"line":75,"column":46},"end":{"line":102,"column":1}},"line":75},"5":{"name":"(anonymous_5)","decl":{"start":{"line":75,"column":46},"end":{"line":75,"column":47}},"loc":{"start":{"line":75,"column":66},"end":{"line":102,"column":1}},"line":75},"6":{"name":"(anonymous_6)","decl":{"start":{"line":105,"column":22},"end":{"line":105,"column":23}},"loc":{"start":{"line":105,"column":28},"end":{"line":112,"column":1}},"line":105},"7":{"name":"(anonymous_7)","decl":{"start":{"line":105,"column":28},"end":{"line":105,"column":29}},"loc":{"start":{"line":105,"column":48},"end":{"line":112,"column":1}},"line":105}},"branchMap":{"0":{"loc":{"start":{"line":19,"column":2},"end":{"line":21,"column":3}},"type":"if","locations":[{"start":{"line":19,"column":2},"end":{"line":21,"column":3}},{"start":{"line":19,"column":2},"end":{"line":21,"column":3}}],"line":19}},"s":{"0":4,"1":4,"2":4,"3":0,"4":4,"5":4,"6":3,"7":1,"8":4,"9":2,"10":2,"11":2,"12":2,"13":2,"14":1,"15":1,"16":1,"17":4,"18":2,"19":2,"20":2,"21":2,"22":2,"23":1,"24":1,"25":1,"26":4,"27":1,"28":1,"29":1},"f":{"0":4,"1":4,"2":2,"3":2,"4":2,"5":2,"6":1,"7":1},"b":{"0":[0,4]},"_coverageSchema":"43e27e138ebf9cfc5966b082cf9a028302ed4184","hash":"614d5e96a8ea4e120f0c4857736a45afbbf82f27"}
,"/Users/brendan/Documents/development/portfolio/explorersConnect/client/src/actions/post.js": {"path":"/Users/brendan/Documents/development/portfolio/explorersConnect/client/src/actions/post.js","statementMap":{"0":{"start":{"line":17,"column":27},"end":{"line":31,"column":1}},"1":{"start":{"line":17,"column":33},"end":{"line":31,"column":1}},"2":{"start":{"line":18,"column":2},"end":{"line":30,"column":3}},"3":{"start":{"line":19,"column":16},"end":{"line":19,"column":45}},"4":{"start":{"line":21,"column":4},"end":{"line":24,"column":7}},"5":{"start":{"line":26,"column":4},"end":{"line":29,"column":7}},"6":{"start":{"line":34,"column":23},"end":{"line":63,"column":1}},"7":{"start":{"line":34,"column":37},"end":{"line":63,"column":1}},"8":{"start":{"line":35,"column":2},"end":{"line":62,"column":3}},"9":{"start":{"line":37,"column":4},"end":{"line":39,"column":5}},"10":{"start":{"line":38,"column":6},"end":{"line":38,"column":39}},"11":{"start":{"line":42,"column":19},"end":{"line":46,"column":5}},"12":{"start":{"line":48,"column":16},"end":{"line":48,"column":64}},"13":{"start":{"line":50,"column":4},"end":{"line":53,"column":7}},"14":{"start":{"line":56,"column":4},"end":{"line":56,"column":58}},"15":{"start":{"line":58,"column":4},"end":{"line":61,"column":7}},"16":{"start":{"line":66,"column":24},"end":{"line":85,"column":1}},"17":{"start":{"line":66,"column":32},"end":{"line":85,"column":1}},"18":{"start":{"line":67,"column":2},"end":{"line":84,"column":3}},"19":{"start":{"line":69,"column":4},"end":{"line":71,"column":5}},"20":{"start":{"line":70,"column":6},"end":{"line":70,"column":39}},"21":{"start":{"line":73,"column":16},"end":{"line":73,"column":56}},"22":{"start":{"line":75,"column":4},"end":{"line":78,"column":7}},"23":{"start":{"line":80,"column":4},"end":{"line":83,"column":7}},"24":{"start":{"line":88,"column":26},"end":{"line":107,"column":1}},"25":{"start":{"line":88,"column":34},"end":{"line":107,"column":1}},"26":{"start":{"line":89,"column":2},"end":{"line":106,"column":3}},"27":{"start":{"line":91,"column":4},"end":{"line":93,"column":5}},"28":{"start":{"line":92,"column":6},"end":{"line":92,"column":39}},"29":{"start":{"line":95,"column":16},"end":{"line":95,"column":58}},"30":{"start":{"line":97,"column":4},"end":{"line":100,"column":7}},"31":{"start":{"line":102,"column":4},"end":{"line":105,"column":7}},"32":{"start":{"line":110,"column":23},"end":{"line":124,"column":1}},"33":{"start":{"line":110,"column":31},"end":{"line":124,"column":1}},"34":{"start":{"line":111,"column":2},"end":{"line":123,"column":3}},"35":{"start":{"line":112,"column":16},"end":{"line":112,"column":51}},"36":{"start":{"line":114,"column":4},"end":{"line":117,"column":7}},"37":{"start":{"line":119,"column":4},"end":{"line":122,"column":7}},"38":{"start":{"line":127,"column":29},"end":{"line":153,"column":1}},"39":{"start":{"line":127,"column":47},"end":{"line":153,"column":1}},"40":{"start":{"line":128,"column":2},"end":{"line":152,"column":3}},"41":{"start":{"line":130,"column":4},"end":{"line":132,"column":5}},"42":{"start":{"line":131,"column":6},"end":{"line":131,"column":39}},"43":{"start":{"line":135,"column":19},"end":{"line":139,"column":5}},"44":{"start":{"line":141,"column":16},"end":{"line":141,"column":78}},"45":{"start":{"line":143,"column":4},"end":{"line":146,"column":7}},"46":{"start":{"line":148,"column":4},"end":{"line":151,"column":7}},"47":{"start":{"line":156,"column":26},"end":{"line":177,"column":1}},"48":{"start":{"line":156,"column":34},"end":{"line":177,"column":1}},"49":{"start":{"line":157,"column":2},"end":{"line":176,"column":3}},"50":{"start":{"line":159,"column":4},"end":{"line":161,"column":5}},"51":{"start":{"line":160,"column":6},"end":{"line":160,"column":39}},"52":{"start":{"line":163,"column":16},"end":{"line":163,"column":54}},"53":{"start":{"line":165,"column":4},"end":{"line":168,"column":7}},"54":{"start":{"line":170,"column":4},"end":{"line":170,"column":15}},"55":{"start":{"line":172,"column":4},"end":{"line":175,"column":7}},"56":{"start":{"line":180,"column":29},"end":{"line":199,"column":1}},"57":{"start":{"line":180,"column":45},"end":{"line":199,"column":1}},"58":{"start":{"line":181,"column":2},"end":{"line":198,"column":3}},"59":{"start":{"line":183,"column":4},"end":{"line":185,"column":5}},"60":{"start":{"line":184,"column":6},"end":{"line":184,"column":39}},"61":{"start":{"line":187,"column":16},"end":{"line":187,"column":72}},"62":{"start":{"line":189,"column":4},"end":{"line":192,"column":7}},"63":{"start":{"line":194,"column":4},"end":{"line":197,"column":7}}},"fnMap":{"0":{"name":"(anonymous_0)","decl":{"start":{"line":17,"column":27},"end":{"line":17,"column":28}},"loc":{"start":{"line":17,"column":33},"end":{"line":31,"column":1}},"line":17},"1":{"name":"(anonymous_1)","decl":{"start":{"line":17,"column":33},"end":{"line":17,"column":34}},"loc":{"start":{"line":17,"column":53},"end":{"line":31,"column":1}},"line":17},"2":{"name":"(anonymous_2)","decl":{"start":{"line":34,"column":23},"end":{"line":34,"column":24}},"loc":{"start":{"line":34,"column":37},"end":{"line":63,"column":1}},"line":34},"3":{"name":"(anonymous_3)","decl":{"start":{"line":34,"column":37},"end":{"line":34,"column":38}},"loc":{"start":{"line":34,"column":57},"end":{"line":63,"column":1}},"line":34},"4":{"name":"(anonymous_4)","decl":{"start":{"line":66,"column":24},"end":{"line":66,"column":25}},"loc":{"start":{"line":66,"column":32},"end":{"line":85,"column":1}},"line":66},"5":{"name":"(anonymous_5)","decl":{"start":{"line":66,"column":32},"end":{"line":66,"column":33}},"loc":{"start":{"line":66,"column":52},"end":{"line":85,"column":1}},"line":66},"6":{"name":"(anonymous_6)","decl":{"start":{"line":88,"column":26},"end":{"line":88,"column":27}},"loc":{"start":{"line":88,"column":34},"end":{"line":107,"column":1}},"line":88},"7":{"name":"(anonymous_7)","decl":{"start":{"line":88,"column":34},"end":{"line":88,"column":35}},"loc":{"start":{"line":88,"column":54},"end":{"line":107,"column":1}},"line":88},"8":{"name":"(anonymous_8)","decl":{"start":{"line":110,"column":23},"end":{"line":110,"column":24}},"loc":{"start":{"line":110,"column":31},"end":{"line":124,"column":1}},"line":110},"9":{"name":"(anonymous_9)","decl":{"start":{"line":110,"column":31},"end":{"line":110,"column":32}},"loc":{"start":{"line":110,"column":51},"end":{"line":124,"column":1}},"line":110},"10":{"name":"(anonymous_10)","decl":{"start":{"line":127,"column":29},"end":{"line":127,"column":30}},"loc":{"start":{"line":127,"column":47},"end":{"line":153,"column":1}},"line":127},"11":{"name":"(anonymous_11)","decl":{"start":{"line":127,"column":47},"end":{"line":127,"column":48}},"loc":{"start":{"line":127,"column":67},"end":{"line":153,"column":1}},"line":127},"12":{"name":"(anonymous_12)","decl":{"start":{"line":156,"column":26},"end":{"line":156,"column":27}},"loc":{"start":{"line":156,"column":34},"end":{"line":177,"column":1}},"line":156},"13":{"name":"(anonymous_13)","decl":{"start":{"line":156,"column":34},"end":{"line":156,"column":35}},"loc":{"start":{"line":156,"column":54},"end":{"line":177,"column":1}},"line":156},"14":{"name":"(anonymous_14)","decl":{"start":{"line":180,"column":29},"end":{"line":180,"column":30}},"loc":{"start":{"line":180,"column":45},"end":{"line":199,"column":1}},"line":180},"15":{"name":"(anonymous_15)","decl":{"start":{"line":180,"column":45},"end":{"line":180,"column":46}},"loc":{"start":{"line":180,"column":65},"end":{"line":199,"column":1}},"line":180}},"branchMap":{"0":{"loc":{"start":{"line":37,"column":4},"end":{"line":39,"column":5}},"type":"if","locations":[{"start":{"line":37,"column":4},"end":{"line":39,"column":5}},{"start":{"line":37,"column":4},"end":{"line":39,"column":5}}],"line":37},"1":{"loc":{"start":{"line":69,"column":4},"end":{"line":71,"column":5}},"type":"if","locations":[{"start":{"line":69,"column":4},"end":{"line":71,"column":5}},{"start":{"line":69,"column":4},"end":{"line":71,"column":5}}],"line":69},"2":{"loc":{"start":{"line":91,"column":4},"end":{"line":93,"column":5}},"type":"if","locations":[{"start":{"line":91,"column":4},"end":{"line":93,"column":5}},{"start":{"line":91,"column":4},"end":{"line":93,"column":5}}],"line":91},"3":{"loc":{"start":{"line":130,"column":4},"end":{"line":132,"column":5}},"type":"if","locations":[{"start":{"line":130,"column":4},"end":{"line":132,"column":5}},{"start":{"line":130,"column":4},"end":{"line":132,"column":5}}],"line":130},"4":{"loc":{"start":{"line":159,"column":4},"end":{"line":161,"column":5}},"type":"if","locations":[{"start":{"line":159,"column":4},"end":{"line":161,"column":5}},{"start":{"line":159,"column":4},"end":{"line":161,"column":5}}],"line":159},"5":{"loc":{"start":{"line":183,"column":4},"end":{"line":185,"column":5}},"type":"if","locations":[{"start":{"line":183,"column":4},"end":{"line":185,"column":5}},{"start":{"line":183,"column":4},"end":{"line":185,"column":5}}],"line":183}},"s":{"0":2,"1":2,"2":2,"3":2,"4":1,"5":1,"6":2,"7":2,"8":2,"9":2,"10":0,"11":2,"12":2,"13":1,"14":1,"15":1,"16":2,"17":2,"18":2,"19":2,"20":0,"21":2,"22":1,"23":1,"24":2,"25":2,"26":2,"27":2,"28":0,"29":2,"30":1,"31":1,"32":2,"33":2,"34":2,"35":2,"36":1,"37":1,"38":2,"39":2,"40":2,"41":2,"42":0,"43":2,"44":2,"45":1,"46":1,"47":2,"48":2,"49":2,"50":2,"51":0,"52":2,"53":1,"54":1,"55":1,"56":2,"57":2,"58":2,"59":2,"60":0,"61":2,"62":1,"63":1},"f":{"0":2,"1":2,"2":2,"3":2,"4":2,"5":2,"6":2,"7":2,"8":2,"9":2,"10":2,"11":2,"12":2,"13":2,"14":2,"15":2},"b":{"0":[0,2],"1":[0,2],"2":[0,2],"3":[0,2],"4":[0,2],"5":[0,2]},"_coverageSchema":"43e27e138ebf9cfc5966b082cf9a028302ed4184","hash":"eb9f13cdf1825fb8d8c540ae64e745d291850774"}
,"/Users/brendan/Documents/development/portfolio/explorersConnect/client/src/actions/profile.js": {"path":"/Users/brendan/Documents/development/portfolio/explorersConnect/client/src/actions/profile.js","statementMap":{"0":{"start":{"line":16,"column":33},"end":{"line":38,"column":1}},"1":{"start":{"line":16,"column":39},"end":{"line":38,"column":1}},"2":{"start":{"line":17,"column":2},"end":{"line":37,"column":3}},"3":{"start":{"line":19,"column":4},"end":{"line":21,"column":5}},"4":{"start":{"line":20,"column":6},"end":{"line":20,"column":39}},"5":{"start":{"line":24,"column":16},"end":{"line":24,"column":51}},"6":{"start":{"line":27,"column":4},"end":{"line":30,"column":7}},"7":{"start":{"line":33,"column":4},"end":{"line":36,"column":7}},"8":{"start":{"line":41,"column":30},"end":{"line":58,"column":1}},"9":{"start":{"line":41,"column":36},"end":{"line":58,"column":1}},"10":{"start":{"line":42,"column":2},"end":{"line":57,"column":3}},"11":{"start":{"line":44,"column":16},"end":{"line":44,"column":49}},"12":{"start":{"line":47,"column":4},"end":{"line":50,"column":7}},"13":{"start":{"line":53,"column":4},"end":{"line":56,"column":7}},"14":{"start":{"line":61,"column":30},"end":{"line":77,"column":1}},"15":{"start":{"line":61,"column":38},"end":{"line":77,"column":1}},"16":{"start":{"line":62,"column":2},"end":{"line":76,"column":3}},"17":{"start":{"line":64,"column":16},"end":{"line":64,"column":59}},"18":{"start":{"line":66,"column":4},"end":{"line":69,"column":7}},"19":{"start":{"line":72,"column":4},"end":{"line":75,"column":7}},"20":{"start":{"line":80,"column":29},"end":{"line":121,"column":1}},"21":{"start":{"line":84,"column":5},"end":{"line":121,"column":1}},"22":{"start":{"line":86,"column":2},"end":{"line":88,"column":3}},"23":{"start":{"line":87,"column":4},"end":{"line":87,"column":37}},"24":{"start":{"line":91,"column":17},"end":{"line":95,"column":3}},"25":{"start":{"line":97,"column":2},"end":{"line":120,"column":3}},"26":{"start":{"line":99,"column":16},"end":{"line":99,"column":67}},"27":{"start":{"line":102,"column":4},"end":{"line":105,"column":7}},"28":{"start":{"line":108,"column":4},"end":{"line":108,"column":80}},"29":{"start":{"line":112,"column":4},"end":{"line":114,"column":5}},"30":{"start":{"line":113,"column":6},"end":{"line":113,"column":33}},"31":{"start":{"line":116,"column":4},"end":{"line":119,"column":7}},"32":{"start":{"line":124,"column":31},"end":{"line":158,"column":1}},"33":{"start":{"line":124,"column":54},"end":{"line":158,"column":1}},"34":{"start":{"line":126,"column":2},"end":{"line":128,"column":3}},"35":{"start":{"line":127,"column":4},"end":{"line":127,"column":37}},"36":{"start":{"line":131,"column":17},"end":{"line":135,"column":3}},"37":{"start":{"line":137,"column":2},"end":{"line":157,"column":3}},"38":{"start":{"line":139,"column":16},"end":{"line":139,"column":79}},"39":{"start":{"line":142,"column":4},"end":{"line":145,"column":7}},"40":{"start":{"line":148,"column":4},"end":{"line":148,"column":80}},"41":{"start":{"line":151,"column":4},"end":{"line":151,"column":31}},"42":{"start":{"line":153,"column":4},"end":{"line":156,"column":7}},"43":{"start":{"line":161,"column":24},"end":{"line":195,"column":1}},"44":{"start":{"line":161,"column":47},"end":{"line":195,"column":1}},"45":{"start":{"line":163,"column":2},"end":{"line":165,"column":3}},"46":{"start":{"line":164,"column":4},"end":{"line":164,"column":37}},"47":{"start":{"line":168,"column":17},"end":{"line":172,"column":3}},"48":{"start":{"line":174,"column":2},"end":{"line":194,"column":3}},"49":{"start":{"line":176,"column":16},"end":{"line":176,"column":72}},"50":{"start":{"line":179,"column":4},"end":{"line":182,"column":7}},"51":{"start":{"line":185,"column":4},"end":{"line":185,"column":73}},"52":{"start":{"line":188,"column":4},"end":{"line":188,"column":31}},"53":{"start":{"line":190,"column":4},"end":{"line":193,"column":7}},"54":{"start":{"line":198,"column":34},"end":{"line":214,"column":1}},"55":{"start":{"line":198,"column":42},"end":{"line":214,"column":1}},"56":{"start":{"line":199,"column":2},"end":{"line":213,"column":3}},"57":{"start":{"line":200,"column":16},"end":{"line":200,"column":70}},"58":{"start":{"line":202,"column":4},"end":{"line":205,"column":7}},"59":{"start":{"line":207,"column":4},"end":{"line":207,"column":59}},"60":{"start":{"line":209,"column":4},"end":{"line":212,"column":7}},"61":{"start":{"line":217,"column":27},"end":{"line":233,"column":1}},"62":{"start":{"line":217,"column":35},"end":{"line":233,"column":1}},"63":{"start":{"line":218,"column":2},"end":{"line":232,"column":3}},"64":{"start":{"line":219,"column":16},"end":{"line":219,"column":63}},"65":{"start":{"line":221,"column":4},"end":{"line":224,"column":7}},"66":{"start":{"line":226,"column":4},"end":{"line":226,"column":52}},"67":{"start":{"line":228,"column":4},"end":{"line":231,"column":7}},"68":{"start":{"line":236,"column":29},"end":{"line":259,"column":1}},"69":{"start":{"line":236,"column":42},"end":{"line":259,"column":1}},"70":{"start":{"line":237,"column":2},"end":{"line":258,"column":3}},"71":{"start":{"line":238,"column":4},"end":{"line":257,"column":5}},"72":{"start":{"line":239,"column":6},"end":{"line":239,"column":43}},"73":{"start":{"line":242,"column":6},"end":{"line":244,"column":9}},"74":{"start":{"line":247,"column":6},"end":{"line":249,"column":9}},"75":{"start":{"line":251,"column":6},"end":{"line":251,"column":62}},"76":{"start":{"line":253,"column":6},"end":{"line":256,"column":9}}},"fnMap":{"0":{"name":"(anonymous_0)","decl":{"start":{"line":16,"column":33},"end":{"line":16,"column":34}},"loc":{"start":{"line":16,"column":39},"end":{"line":38,"column":1}},"line":16},"1":{"name":"(anonymous_1)","decl":{"start":{"line":16,"column":39},"end":{"line":16,"column":40}},"loc":{"start":{"line":16,"column":59},"end":{"line":38,"column":1}},"line":16},"2":{"name":"(anonymous_2)","decl":{"start":{"line":41,"column":30},"end":{"line":41,"column":31}},"loc":{"start":{"line":41,"column":36},"end":{"line":58,"column":1}},"line":41},"3":{"name":"(anonymous_3)","decl":{"start":{"line":41,"column":36},"end":{"line":41,"column":37}},"loc":{"start":{"line":41,"column":56},"end":{"line":58,"column":1}},"line":41},"4":{"name":"(anonymous_4)","decl":{"start":{"line":61,"column":30},"end":{"line":61,"column":31}},"loc":{"start":{"line":61,"column":38},"end":{"line":77,"column":1}},"line":61},"5":{"name":"(anonymous_5)","decl":{"start":{"line":61,"column":38},"end":{"line":61,"column":39}},"loc":{"start":{"line":61,"column":58},"end":{"line":77,"column":1}},"line":61},"6":{"name":"(anonymous_6)","decl":{"start":{"line":80,"column":29},"end":{"line":80,"column":30}},"loc":{"start":{"line":84,"column":5},"end":{"line":121,"column":1}},"line":84},"7":{"name":"(anonymous_7)","decl":{"start":{"line":84,"column":5},"end":{"line":84,"column":6}},"loc":{"start":{"line":84,"column":25},"end":{"line":121,"column":1}},"line":84},"8":{"name":"(anonymous_8)","decl":{"start":{"line":124,"column":31},"end":{"line":124,"column":32}},"loc":{"start":{"line":124,"column":54},"end":{"line":158,"column":1}},"line":124},"9":{"name":"(anonymous_9)","decl":{"start":{"line":124,"column":54},"end":{"line":124,"column":55}},"loc":{"start":{"line":124,"column":74},"end":{"line":158,"column":1}},"line":124},"10":{"name":"(anonymous_10)","decl":{"start":{"line":161,"column":24},"end":{"line":161,"column":25}},"loc":{"start":{"line":161,"column":47},"end":{"line":195,"column":1}},"line":161},"11":{"name":"(anonymous_11)","decl":{"start":{"line":161,"column":47},"end":{"line":161,"column":48}},"loc":{"start":{"line":161,"column":67},"end":{"line":195,"column":1}},"line":161},"12":{"name":"(anonymous_12)","decl":{"start":{"line":198,"column":34},"end":{"line":198,"column":35}},"loc":{"start":{"line":198,"column":42},"end":{"line":214,"column":1}},"line":198},"13":{"name":"(anonymous_13)","decl":{"start":{"line":198,"column":42},"end":{"line":198,"column":43}},"loc":{"start":{"line":198,"column":62},"end":{"line":214,"column":1}},"line":198},"14":{"name":"(anonymous_14)","decl":{"start":{"line":217,"column":27},"end":{"line":217,"column":28}},"loc":{"start":{"line":217,"column":35},"end":{"line":233,"column":1}},"line":217},"15":{"name":"(anonymous_15)","decl":{"start":{"line":217,"column":35},"end":{"line":217,"column":36}},"loc":{"start":{"line":217,"column":55},"end":{"line":233,"column":1}},"line":217},"16":{"name":"(anonymous_16)","decl":{"start":{"line":236,"column":29},"end":{"line":236,"column":30}},"loc":{"start":{"line":236,"column":42},"end":{"line":259,"column":1}},"line":236},"17":{"name":"(anonymous_17)","decl":{"start":{"line":236,"column":42},"end":{"line":236,"column":43}},"loc":{"start":{"line":236,"column":62},"end":{"line":259,"column":1}},"line":236}},"branchMap":{"0":{"loc":{"start":{"line":19,"column":4},"end":{"line":21,"column":5}},"type":"if","locations":[{"start":{"line":19,"column":4},"end":{"line":21,"column":5}},{"start":{"line":19,"column":4},"end":{"line":21,"column":5}}],"line":19},"1":{"loc":{"start":{"line":83,"column":2},"end":{"line":83,"column":14}},"type":"default-arg","locations":[{"start":{"line":83,"column":9},"end":{"line":83,"column":14}}],"line":83},"2":{"loc":{"start":{"line":86,"column":2},"end":{"line":88,"column":3}},"type":"if","locations":[{"start":{"line":86,"column":2},"end":{"line":88,"column":3}},{"start":{"line":86,"column":2},"end":{"line":88,"column":3}}],"line":86},"3":{"loc":{"start":{"line":108,"column":22},"end":{"line":108,"column":66}},"type":"cond-expr","locations":[{"start":{"line":108,"column":29},"end":{"line":108,"column":46}},{"start":{"line":108,"column":49},"end":{"line":108,"column":66}}],"line":108},"4":{"loc":{"start":{"line":112,"column":4},"end":{"line":114,"column":5}},"type":"if","locations":[{"start":{"line":112,"column":4},"end":{"line":114,"column":5}},{"start":{"line":112,"column":4},"end":{"line":114,"column":5}}],"line":112},"5":{"loc":{"start":{"line":126,"column":2},"end":{"line":128,"column":3}},"type":"if","locations":[{"start":{"line":126,"column":2},"end":{"line":128,"column":3}},{"start":{"line":126,"column":2},"end":{"line":128,"column":3}}],"line":126},"6":{"loc":{"start":{"line":163,"column":2},"end":{"line":165,"column":3}},"type":"if","locations":[{"start":{"line":163,"column":2},"end":{"line":165,"column":3}},{"start":{"line":163,"column":2},"end":{"line":165,"column":3}}],"line":163},"7":{"loc":{"start":{"line":237,"column":2},"end":{"line":258,"column":3}},"type":"if","locations":[{"start":{"line":237,"column":2},"end":{"line":258,"column":3}},{"start":{"line":237,"column":2},"end":{"line":258,"column":3}}],"line":237}},"s":{"0":4,"1":2,"2":2,"3":2,"4":0,"5":2,"6":1,"7":1,"8":4,"9":2,"10":2,"11":2,"12":1,"13":1,"14":4,"15":2,"16":2,"17":2,"18":1,"19":1,"20":4,"21":2,"22":2,"23":0,"24":2,"25":2,"26":2,"27":1,"28":1,"29":1,"30":1,"31":1,"32":4,"33":2,"34":2,"35":0,"36":2,"37":2,"38":2,"39":1,"40":1,"41":1,"42":1,"43":4,"44":2,"45":2,"46":0,"47":2,"48":2,"49":2,"50":1,"51":1,"52":1,"53":1,"54":4,"55":2,"56":2,"57":2,"58":1,"59":1,"60":1,"61":4,"62":2,"63":2,"64":2,"65":1,"66":1,"67":1,"68":4,"69":3,"70":3,"71":3,"72":3,"73":2,"74":2,"75":2,"76":1},"f":{"0":2,"1":2,"2":2,"3":2,"4":2,"5":2,"6":2,"7":2,"8":2,"9":2,"10":2,"11":2,"12":2,"13":2,"14":2,"15":2,"16":3,"17":3},"b":{"0":[0,2],"1":[2],"2":[0,2],"3":[0,1],"4":[1,0],"5":[0,2],"6":[0,2],"7":[3,0]},"_coverageSchema":"43e27e138ebf9cfc5966b082cf9a028302ed4184","hash":"707bd4978e0222c860959f7b130db68d2ab84a9c"}
,"/Users/brendan/Documents/development/portfolio/explorersConnect/client/src/actions/types.js": {"path":"/Users/brendan/Documents/development/portfolio/explorersConnect/client/src/actions/types.js","statementMap":{"0":{"start":{"line":1,"column":25},"end":{"line":1,"column":36}},"1":{"start":{"line":2,"column":28},"end":{"line":2,"column":42}},"2":{"start":{"line":3,"column":32},"end":{"line":3,"column":50}},"3":{"start":{"line":4,"column":29},"end":{"line":4,"column":44}},"4":{"start":{"line":5,"column":27},"end":{"line":5,"column":40}},"5":{"start":{"line":6,"column":26},"end":{"line":6,"column":38}},"6":{"start":{"line":7,"column":29},"end":{"line":7,"column":44}},"7":{"start":{"line":8,"column":26},"end":{"line":8,"column":38}},"8":{"start":{"line":9,"column":22},"end":{"line":9,"column":30}},"9":{"start":{"line":10,"column":27},"end":{"line":10,"column":40}},"10":{"start":{"line":11,"column":29},"end":{"line":11,"column":44}},"11":{"start":{"line":12,"column":29},"end":{"line":12,"column":44}},"12":{"start":{"line":13,"column":30},"end":{"line":13,"column":46}},"13":{"start":{"line":14,"column":30},"end":{"line":14,"column":46}},"14":{"start":{"line":15,"column":31},"end":{"line":15,"column":48}},"15":{"start":{"line":16,"column":32},"end":{"line":16,"column":50}},"16":{"start":{"line":17,"column":33},"end":{"line":17,"column":52}},"17":{"start":{"line":18,"column":29},"end":{"line":18,"column":44}},"18":{"start":{"line":19,"column":27},"end":{"line":19,"column":40}},"19":{"start":{"line":20,"column":27},"end":{"line":20,"column":40}},"20":{"start":{"line":21,"column":27},"end":{"line":21,"column":40}},"21":{"start":{"line":22,"column":29},"end":{"line":22,"column":44}},"22":{"start":{"line":23,"column":24},"end":{"line":23,"column":34}},"23":{"start":{"line":24,"column":31},"end":{"line":24,"column":48}},"24":{"start":{"line":25,"column":27},"end":{"line":25,"column":40}},"25":{"start":{"line":26,"column":30},"end":{"line":26,"column":46}}},"fnMap":{},"branchMap":{},"s":{"0":15,"1":15,"2":15,"3":15,"4":15,"5":15,"6":15,"7":15,"8":15,"9":15,"10":15,"11":15,"12":15,"13":15,"14":15,"15":15,"16":15,"17":15,"18":15,"19":15,"20":15,"21":15,"22":15,"23":15,"24":15,"25":15},"f":{},"b":{},"_coverageSchema":"43e27e138ebf9cfc5966b082cf9a028302ed4184","hash":"1864e2c19fbed40b31ace0be8ab685560329362c"}
,"/Users/brendan/Documents/development/portfolio/explorersConnect/client/src/components/auth/Login.js": {"path":"/Users/brendan/Documents/development/portfolio/explorersConnect/client/src/components/auth/Login.js","statementMap":{"0":{"start":{"line":9,"column":21},"end":{"line":72,"column":1}},"1":{"start":{"line":11,"column":34},"end":{"line":14,"column":4}},"2":{"start":{"line":17,"column":30},"end":{"line":17,"column":38}},"3":{"start":{"line":21,"column":28},"end":{"line":23,"column":3}},"4":{"start":{"line":22,"column":4},"end":{"line":22,"column":56}},"5":{"start":{"line":25,"column":31},"end":{"line":27,"column":3}},"6":{"start":{"line":26,"column":4},"end":{"line":26,"column":59}},"7":{"start":{"line":30,"column":23},"end":{"line":33,"column":3}},"8":{"start":{"line":31,"column":4},"end":{"line":31,"column":23}},"9":{"start":{"line":32,"column":4},"end":{"line":32,"column":31}},"10":{"start":{"line":36,"column":2},"end":{"line":38,"column":3}},"11":{"start":{"line":37,"column":4},"end":{"line":37,"column":40}},"12":{"start":{"line":40,"column":2},"end":{"line":71,"column":4}},"13":{"start":{"line":52,"column":29},"end":{"line":52,"column":49}},"14":{"start":{"line":61,"column":29},"end":{"line":61,"column":52}},"15":{"start":{"line":74,"column":0},"end":{"line":77,"column":2}},"16":{"start":{"line":80,"column":24},"end":{"line":82,"column":2}},"17":{"start":{"line":80,"column":36},"end":{"line":82,"column":1}}},"fnMap":{"0":{"name":"(anonymous_0)","decl":{"start":{"line":9,"column":21},"end":{"line":9,"column":22}},"loc":{"start":{"line":9,"column":68},"end":{"line":72,"column":1}},"line":9},"1":{"name":"(anonymous_1)","decl":{"start":{"line":21,"column":28},"end":{"line":21,"column":29}},"loc":{"start":{"line":21,"column":35},"end":{"line":23,"column":3}},"line":21},"2":{"name":"(anonymous_2)","decl":{"start":{"line":25,"column":31},"end":{"line":25,"column":32}},"loc":{"start":{"line":25,"column":38},"end":{"line":27,"column":3}},"line":25},"3":{"name":"(anonymous_3)","decl":{"start":{"line":30,"column":23},"end":{"line":30,"column":24}},"loc":{"start":{"line":30,"column":30},"end":{"line":33,"column":3}},"line":30},"4":{"name":"(anonymous_4)","decl":{"start":{"line":52,"column":22},"end":{"line":52,"column":23}},"loc":{"start":{"line":52,"column":29},"end":{"line":52,"column":49}},"line":52},"5":{"name":"(anonymous_5)","decl":{"start":{"line":61,"column":22},"end":{"line":61,"column":23}},"loc":{"start":{"line":61,"column":29},"end":{"line":61,"column":52}},"line":61},"6":{"name":"(anonymous_6)","decl":{"start":{"line":80,"column":24},"end":{"line":80,"column":25}},"loc":{"start":{"line":80,"column":36},"end":{"line":82,"column":1}},"line":80}},"branchMap":{"0":{"loc":{"start":{"line":36,"column":2},"end":{"line":38,"column":3}},"type":"if","locations":[{"start":{"line":36,"column":2},"end":{"line":38,"column":3}},{"start":{"line":36,"column":2},"end":{"line":38,"column":3}}],"line":36}},"s":{"0":1,"1":9,"2":9,"3":9,"4":1,"5":9,"6":1,"7":9,"8":1,"9":1,"10":9,"11":1,"12":8,"13":1,"14":1,"15":1,"16":1,"17":0},"f":{"0":9,"1":1,"2":1,"3":1,"4":1,"5":1,"6":0},"b":{"0":[1,8]},"_coverageSchema":"43e27e138ebf9cfc5966b082cf9a028302ed4184","hash":"a20b50192b452e69ba8eae253292ab7f05757ec7"}
,"/Users/brendan/Documents/development/portfolio/explorersConnect/client/src/components/auth/Register.js": {"path":"/Users/brendan/Documents/development/portfolio/explorersConnect/client/src/components/auth/Register.js","statementMap":{"0":{"start":{"line":11,"column":24},"end":{"line":109,"column":1}},"1":{"start":{"line":17,"column":34},"end":{"line":22,"column":4}},"2":{"start":{"line":25,"column":53},"end":{"line":25,"column":61}},"3":{"start":{"line":28,"column":27},"end":{"line":30,"column":3}},"4":{"start":{"line":29,"column":4},"end":{"line":29,"column":55}},"5":{"start":{"line":32,"column":28},"end":{"line":34,"column":3}},"6":{"start":{"line":33,"column":4},"end":{"line":33,"column":56}},"7":{"start":{"line":36,"column":31},"end":{"line":38,"column":3}},"8":{"start":{"line":37,"column":4},"end":{"line":37,"column":59}},"9":{"start":{"line":40,"column":38},"end":{"line":42,"column":3}},"10":{"start":{"line":41,"column":4},"end":{"line":41,"column":66}},"11":{"start":{"line":44,"column":23},"end":{"line":53,"column":3}},"12":{"start":{"line":45,"column":4},"end":{"line":45,"column":23}},"13":{"start":{"line":46,"column":4},"end":{"line":52,"column":5}},"14":{"start":{"line":49,"column":6},"end":{"line":49,"column":53}},"15":{"start":{"line":51,"column":6},"end":{"line":51,"column":42}},"16":{"start":{"line":56,"column":2},"end":{"line":58,"column":3}},"17":{"start":{"line":57,"column":4},"end":{"line":57,"column":40}},"18":{"start":{"line":60,"column":2},"end":{"line":108,"column":4}},"19":{"start":{"line":72,"column":29},"end":{"line":72,"column":48}},"20":{"start":{"line":81,"column":29},"end":{"line":81,"column":49}},"21":{"start":{"line":90,"column":29},"end":{"line":90,"column":52}},"22":{"start":{"line":99,"column":29},"end":{"line":99,"column":59}},"23":{"start":{"line":112,"column":0},"end":{"line":116,"column":2}},"24":{"start":{"line":119,"column":24},"end":{"line":121,"column":2}},"25":{"start":{"line":119,"column":36},"end":{"line":121,"column":1}}},"fnMap":{"0":{"name":"(anonymous_0)","decl":{"start":{"line":11,"column":24},"end":{"line":11,"column":25}},"loc":{"start":{"line":15,"column":6},"end":{"line":109,"column":1}},"line":15},"1":{"name":"(anonymous_1)","decl":{"start":{"line":28,"column":27},"end":{"line":28,"column":28}},"loc":{"start":{"line":28,"column":34},"end":{"line":30,"column":3}},"line":28},"2":{"name":"(anonymous_2)","decl":{"start":{"line":32,"column":28},"end":{"line":32,"column":29}},"loc":{"start":{"line":32,"column":35},"end":{"line":34,"column":3}},"line":32},"3":{"name":"(anonymous_3)","decl":{"start":{"line":36,"column":31},"end":{"line":36,"column":32}},"loc":{"start":{"line":36,"column":38},"end":{"line":38,"column":3}},"line":36},"4":{"name":"(anonymous_4)","decl":{"start":{"line":40,"column":38},"end":{"line":40,"column":39}},"loc":{"start":{"line":40,"column":45},"end":{"line":42,"column":3}},"line":40},"5":{"name":"(anonymous_5)","decl":{"start":{"line":44,"column":23},"end":{"line":44,"column":24}},"loc":{"start":{"line":44,"column":30},"end":{"line":53,"column":3}},"line":44},"6":{"name":"(anonymous_6)","decl":{"start":{"line":72,"column":22},"end":{"line":72,"column":23}},"loc":{"start":{"line":72,"column":29},"end":{"line":72,"column":48}},"line":72},"7":{"name":"(anonymous_7)","decl":{"start":{"line":81,"column":22},"end":{"line":81,"column":23}},"loc":{"start":{"line":81,"column":29},"end":{"line":81,"column":49}},"line":81},"8":{"name":"(anonymous_8)","decl":{"start":{"line":90,"column":22},"end":{"line":90,"column":23}},"loc":{"start":{"line":90,"column":29},"end":{"line":90,"column":52}},"line":90},"9":{"name":"(anonymous_9)","decl":{"start":{"line":99,"column":22},"end":{"line":99,"column":23}},"loc":{"start":{"line":99,"column":29},"end":{"line":99,"column":59}},"line":99},"10":{"name":"(anonymous_10)","decl":{"start":{"line":119,"column":24},"end":{"line":119,"column":25}},"loc":{"start":{"line":119,"column":36},"end":{"line":121,"column":1}},"line":119}},"branchMap":{"0":{"loc":{"start":{"line":46,"column":4},"end":{"line":52,"column":5}},"type":"if","locations":[{"start":{"line":46,"column":4},"end":{"line":52,"column":5}},{"start":{"line":46,"column":4},"end":{"line":52,"column":5}}],"line":46},"1":{"loc":{"start":{"line":56,"column":2},"end":{"line":58,"column":3}},"type":"if","locations":[{"start":{"line":56,"column":2},"end":{"line":58,"column":3}},{"start":{"line":56,"column":2},"end":{"line":58,"column":3}}],"line":56}},"s":{"0":1,"1":22,"2":22,"3":22,"4":1,"5":22,"6":1,"7":22,"8":3,"9":22,"10":3,"11":22,"12":3,"13":3,"14":1,"15":2,"16":22,"17":1,"18":21,"19":1,"20":1,"21":3,"22":3,"23":1,"24":1,"25":0},"f":{"0":22,"1":1,"2":1,"3":3,"4":3,"5":3,"6":1,"7":1,"8":3,"9":3,"10":0},"b":{"0":[1,2],"1":[1,21]},"_coverageSchema":"43e27e138ebf9cfc5966b082cf9a028302ed4184","hash":"b1f715e6858b804d7a024eda979bb42199fb2693"}
,"/Users/brendan/Documents/development/portfolio/explorersConnect/client/src/components/dashboard/Dashboard.js": {"path":"/Users/brendan/Documents/development/portfolio/explorersConnect/client/src/components/dashboard/Dashboard.js","statementMap":{"0":{"start":{"line":13,"column":25},"end":{"line":49,"column":1}},"1":{"start":{"line":18,"column":2},"end":{"line":20,"column":5}},"2":{"start":{"line":19,"column":4},"end":{"line":19,"column":24}},"3":{"start":{"line":22,"column":2},"end":{"line":48,"column":3}},"4":{"start":{"line":23,"column":4},"end":{"line":23,"column":23}},"5":{"start":{"line":25,"column":4},"end":{"line":47,"column":6}},"6":{"start":{"line":51,"column":0},"end":{"line":54,"column":2}},"7":{"start":{"line":56,"column":24},"end":{"line":58,"column":2}},"8":{"start":{"line":56,"column":36},"end":{"line":58,"column":1}}},"fnMap":{"0":{"name":"(anonymous_0)","decl":{"start":{"line":13,"column":25},"end":{"line":13,"column":26}},"loc":{"start":{"line":16,"column":6},"end":{"line":49,"column":1}},"line":16},"1":{"name":"(anonymous_1)","decl":{"start":{"line":18,"column":18},"end":{"line":18,"column":19}},"loc":{"start":{"line":18,"column":24},"end":{"line":20,"column":3}},"line":18},"2":{"name":"(anonymous_2)","decl":{"start":{"line":56,"column":24},"end":{"line":56,"column":25}},"loc":{"start":{"line":56,"column":36},"end":{"line":58,"column":1}},"line":56}},"branchMap":{"0":{"loc":{"start":{"line":22,"column":2},"end":{"line":48,"column":3}},"type":"if","locations":[{"start":{"line":22,"column":2},"end":{"line":48,"column":3}},{"start":{"line":22,"column":2},"end":{"line":48,"column":3}}],"line":22},"1":{"loc":{"start":{"line":28,"column":9},"end":{"line":45,"column":9}},"type":"cond-expr","locations":[{"start":{"line":29,"column":10},"end":{"line":37,"column":21}},{"start":{"line":39,"column":10},"end":{"line":44,"column":21}}],"line":28}},"s":{"0":1,"1":7,"2":1,"3":7,"4":1,"5":6,"6":1,"7":1,"8":0},"f":{"0":7,"1":1,"2":0},"b":{"0":[1,6],"1":[5,1]},"_coverageSchema":"43e27e138ebf9cfc5966b082cf9a028302ed4184","hash":"f11d12d3d2a9470e1734c41e0d7bfdd22da79dbb"}
,"/Users/brendan/Documents/development/portfolio/explorersConnect/client/src/components/dashboard/DashboardButtons.js": {"path":"/Users/brendan/Documents/development/portfolio/explorersConnect/client/src/components/dashboard/DashboardButtons.js","statementMap":{"0":{"start":{"line":4,"column":25},"end":{"line":20,"column":1}},"1":{"start":{"line":5,"column":2},"end":{"line":19,"column":4}}},"fnMap":{"0":{"name":"(anonymous_0)","decl":{"start":{"line":4,"column":25},"end":{"line":4,"column":26}},"loc":{"start":{"line":4,"column":31},"end":{"line":20,"column":1}},"line":4}},"branchMap":{},"s":{"0":2,"1":4},"f":{"0":4},"b":{},"_coverageSchema":"43e27e138ebf9cfc5966b082cf9a028302ed4184","hash":"32b1cf8d0bc340cd1f7ae325da59bccbb9324751"}
,"/Users/brendan/Documents/development/portfolio/explorersConnect/client/src/components/dashboard/Destinations.js": {"path":"/Users/brendan/Documents/development/portfolio/explorersConnect/client/src/components/dashboard/Destinations.js","statementMap":{"0":{"start":{"line":9,"column":28},"end":{"line":46,"column":1}},"1":{"start":{"line":10,"column":26},"end":{"line":26,"column":4}},"2":{"start":{"line":11,"column":4},"end":{"line":25,"column":9}},"3":{"start":{"line":19,"column":25},"end":{"line":19,"column":60}},"4":{"start":{"line":28,"column":2},"end":{"line":45,"column":4}},"5":{"start":{"line":48,"column":0},"end":{"line":51,"column":2}}},"fnMap":{"0":{"name":"(anonymous_0)","decl":{"start":{"line":9,"column":28},"end":{"line":9,"column":29}},"loc":{"start":{"line":9,"column":70},"end":{"line":46,"column":1}},"line":9},"1":{"name":"(anonymous_1)","decl":{"start":{"line":10,"column":43},"end":{"line":10,"column":44}},"loc":{"start":{"line":11,"column":4},"end":{"line":25,"column":9}},"line":11},"2":{"name":"(anonymous_2)","decl":{"start":{"line":19,"column":19},"end":{"line":19,"column":20}},"loc":{"start":{"line":19,"column":25},"end":{"line":19,"column":60}},"line":19}},"branchMap":{},"s":{"0":2,"1":4,"2":6,"3":1,"4":4,"5":2},"f":{"0":4,"1":6,"2":1},"b":{},"_coverageSchema":"43e27e138ebf9cfc5966b082cf9a028302ed4184","hash":"bd78364ee4d9bdd5dad8052fdd2ea4e92e6c0c6b"}
,"/Users/brendan/Documents/development/portfolio/explorersConnect/client/src/components/dashboard/Gears.js": {"path":"/Users/brendan/Documents/development/portfolio/explorersConnect/client/src/components/dashboard/Gears.js","statementMap":{"0":{"start":{"line":8,"column":21},"end":{"line":46,"column":1}},"1":{"start":{"line":10,"column":19},"end":{"line":26,"column":4}},"2":{"start":{"line":11,"column":4},"end":{"line":25,"column":9}},"3":{"start":{"line":19,"column":25},"end":{"line":19,"column":46}},"4":{"start":{"line":28,"column":2},"end":{"line":45,"column":4}},"5":{"start":{"line":48,"column":0},"end":{"line":50,"column":2}}},"fnMap":{"0":{"name":"(anonymous_0)","decl":{"start":{"line":8,"column":21},"end":{"line":8,"column":22}},"loc":{"start":{"line":8,"column":49},"end":{"line":46,"column":1}},"line":8},"1":{"name":"(anonymous_1)","decl":{"start":{"line":10,"column":29},"end":{"line":10,"column":30}},"loc":{"start":{"line":11,"column":4},"end":{"line":25,"column":9}},"line":11},"2":{"name":"(anonymous_2)","decl":{"start":{"line":19,"column":19},"end":{"line":19,"column":20}},"loc":{"start":{"line":19,"column":25},"end":{"line":19,"column":46}},"line":19}},"branchMap":{},"s":{"0":2,"1":4,"2":6,"3":1,"4":4,"5":2},"f":{"0":4,"1":6,"2":1},"b":{},"_coverageSchema":"43e27e138ebf9cfc5966b082cf9a028302ed4184","hash":"5c4de636c6b34fd67292f8ffd091ccaa95b2e627"}
,"/Users/brendan/Documents/development/portfolio/explorersConnect/client/src/components/layout/Alert.js": {"path":"/Users/brendan/Documents/development/portfolio/explorersConnect/client/src/components/layout/Alert.js","statementMap":{"0":{"start":{"line":5,"column":21},"end":{"line":15,"column":1}},"1":{"start":{"line":6,"column":2},"end":{"line":12,"column":3}},"2":{"start":{"line":7,"column":4},"end":{"line":11,"column":7}},"3":{"start":{"line":8,"column":6},"end":{"line":10,"column":12}},"4":{"start":{"line":14,"column":2},"end":{"line":14,"column":14}},"5":{"start":{"line":17,"column":0},"end":{"line":19,"column":2}},"6":{"start":{"line":22,"column":24},"end":{"line":24,"column":2}},"7":{"start":{"line":22,"column":36},"end":{"line":24,"column":1}}},"fnMap":{"0":{"name":"(anonymous_0)","decl":{"start":{"line":5,"column":21},"end":{"line":5,"column":22}},"loc":{"start":{"line":5,"column":42},"end":{"line":15,"column":1}},"line":5},"1":{"name":"(anonymous_1)","decl":{"start":{"line":7,"column":27},"end":{"line":7,"column":28}},"loc":{"start":{"line":8,"column":6},"end":{"line":10,"column":12}},"line":8},"2":{"name":"(anonymous_2)","decl":{"start":{"line":22,"column":24},"end":{"line":22,"column":25}},"loc":{"start":{"line":22,"column":36},"end":{"line":24,"column":1}},"line":22}},"branchMap":{"0":{"loc":{"start":{"line":6,"column":2},"end":{"line":12,"column":3}},"type":"if","locations":[{"start":{"line":6,"column":2},"end":{"line":12,"column":3}},{"start":{"line":6,"column":2},"end":{"line":12,"column":3}}],"line":6},"1":{"loc":{"start":{"line":6,"column":6},"end":{"line":6,"column":52}},"type":"binary-expr","locations":[{"start":{"line":6,"column":6},"end":{"line":6,"column":26}},{"start":{"line":6,"column":30},"end":{"line":6,"column":52}}],"line":6}},"s":{"0":1,"1":3,"2":1,"3":2,"4":2,"5":1,"6":1,"7":0},"f":{"0":3,"1":2,"2":0},"b":{"0":[1,2],"1":[3,3]},"_coverageSchema":"43e27e138ebf9cfc5966b082cf9a028302ed4184","hash":"983611a78a1197baea6d578f383df22c5f179f1f"}
,"/Users/brendan/Documents/development/portfolio/explorersConnect/client/src/components/layout/Landing.js": {"path":"/Users/brendan/Documents/development/portfolio/explorersConnect/client/src/components/layout/Landing.js","statementMap":{"0":{"start":{"line":8,"column":23},"end":{"line":67,"column":1}},"1":{"start":{"line":9,"column":2},"end":{"line":11,"column":3}},"2":{"start":{"line":10,"column":4},"end":{"line":10,"column":40}},"3":{"start":{"line":13,"column":2},"end":{"line":66,"column":4}},"4":{"start":{"line":69,"column":0},"end":{"line":71,"column":2}},"5":{"start":{"line":73,"column":24},"end":{"line":75,"column":2}},"6":{"start":{"line":73,"column":36},"end":{"line":75,"column":1}}},"fnMap":{"0":{"name":"(anonymous_0)","decl":{"start":{"line":8,"column":23},"end":{"line":8,"column":24}},"loc":{"start":{"line":8,"column":63},"end":{"line":67,"column":1}},"line":8},"1":{"name":"(anonymous_1)","decl":{"start":{"line":73,"column":24},"end":{"line":73,"column":25}},"loc":{"start":{"line":73,"column":36},"end":{"line":75,"column":1}},"line":73}},"branchMap":{"0":{"loc":{"start":{"line":9,"column":2},"end":{"line":11,"column":3}},"type":"if","locations":[{"start":{"line":9,"column":2},"end":{"line":11,"column":3}},{"start":{"line":9,"column":2},"end":{"line":11,"column":3}}],"line":9}},"s":{"0":1,"1":5,"2":1,"3":4,"4":1,"5":1,"6":0},"f":{"0":5,"1":0},"b":{"0":[1,4]},"_coverageSchema":"43e27e138ebf9cfc5966b082cf9a028302ed4184","hash":"a8e569d89104a0fc0921047b11c6a7a484c4c956"}
,"/Users/brendan/Documents/development/portfolio/explorersConnect/client/src/components/layout/Navbar.js": {"path":"/Users/brendan/Documents/development/portfolio/explorersConnect/client/src/components/layout/Navbar.js","statementMap":{"0":{"start":{"line":10,"column":22},"end":{"line":61,"column":1}},"1":{"start":{"line":15,"column":23},"end":{"line":18,"column":3}},"2":{"start":{"line":16,"column":4},"end":{"line":16,"column":13}},"3":{"start":{"line":17,"column":4},"end":{"line":17,"column":50}},"4":{"start":{"line":21,"column":4},"end":{"line":35,"column":9}},"5":{"start":{"line":30,"column":29},"end":{"line":30,"column":44}},"6":{"start":{"line":39,"column":4},"end":{"line":48,"column":9}},"7":{"start":{"line":51,"column":2},"end":{"line":60,"column":4}},"8":{"start":{"line":63,"column":0},"end":{"line":66,"column":2}},"9":{"start":{"line":68,"column":24},"end":{"line":70,"column":2}},"10":{"start":{"line":68,"column":36},"end":{"line":70,"column":1}}},"fnMap":{"0":{"name":"(anonymous_0)","decl":{"start":{"line":10,"column":22},"end":{"line":10,"column":23}},"loc":{"start":{"line":14,"column":6},"end":{"line":61,"column":1}},"line":14},"1":{"name":"(anonymous_1)","decl":{"start":{"line":15,"column":23},"end":{"line":15,"column":24}},"loc":{"start":{"line":15,"column":30},"end":{"line":18,"column":3}},"line":15},"2":{"name":"(anonymous_2)","decl":{"start":{"line":30,"column":22},"end":{"line":30,"column":23}},"loc":{"start":{"line":30,"column":29},"end":{"line":30,"column":44}},"line":30},"3":{"name":"(anonymous_3)","decl":{"start":{"line":68,"column":24},"end":{"line":68,"column":25}},"loc":{"start":{"line":68,"column":36},"end":{"line":70,"column":1}},"line":68}},"branchMap":{"0":{"loc":{"start":{"line":58,"column":17},"end":{"line":58,"column":66}},"type":"cond-expr","locations":[{"start":{"line":58,"column":35},"end":{"line":58,"column":53}},{"start":{"line":58,"column":56},"end":{"line":58,"column":66}}],"line":58}},"s":{"0":1,"1":3,"2":1,"3":1,"4":3,"5":1,"6":3,"7":3,"8":1,"9":1,"10":0},"f":{"0":3,"1":1,"2":1,"3":0},"b":{"0":[2,1]},"_coverageSchema":"43e27e138ebf9cfc5966b082cf9a028302ed4184","hash":"a76da910320da478e04f1cad6e190176b7d34cc3"}
,"/Users/brendan/Documents/development/portfolio/explorersConnect/client/src/components/layout/Spinner.js": {"path":"/Users/brendan/Documents/development/portfolio/explorersConnect/client/src/components/layout/Spinner.js","statementMap":{"0":{"start":{"line":4,"column":23},"end":{"line":12,"column":1}},"1":{"start":{"line":5,"column":2},"end":{"line":11,"column":13}}},"fnMap":{"0":{"name":"(anonymous_0)","decl":{"start":{"line":4,"column":23},"end":{"line":4,"column":24}},"loc":{"start":{"line":5,"column":2},"end":{"line":11,"column":13}},"line":5}},"branchMap":{},"s":{"0":3,"1":1},"f":{"0":1},"b":{},"_coverageSchema":"43e27e138ebf9cfc5966b082cf9a028302ed4184","hash":"9f0b2fd335cc18a81c3fdc7a3ea0eaa452fd0310"}
,"/Users/brendan/Documents/development/portfolio/explorersConnect/client/src/components/posts/Comment.js": {"path":"/Users/brendan/Documents/development/portfolio/explorersConnect/client/src/components/posts/Comment.js","statementMap":{"0":{"start":{"line":11,"column":23},"end":{"line":103,"column":1}},"1":{"start":{"line":20,"column":2},"end":{"line":22,"column":24}},"2":{"start":{"line":21,"column":4},"end":{"line":21,"column":29}},"3":{"start":{"line":24,"column":34},"end":{"line":26,"column":4}},"4":{"start":{"line":27,"column":19},"end":{"line":27,"column":27}},"5":{"start":{"line":29,"column":23},"end":{"line":40,"column":3}},"6":{"start":{"line":30,"column":4},"end":{"line":30,"column":23}},"7":{"start":{"line":31,"column":4},"end":{"line":39,"column":5}},"8":{"start":{"line":32,"column":6},"end":{"line":32,"column":47}},"9":{"start":{"line":33,"column":6},"end":{"line":33,"column":53}},"10":{"start":{"line":34,"column":6},"end":{"line":36,"column":9}},"11":{"start":{"line":38,"column":6},"end":{"line":38,"column":62}},"12":{"start":{"line":42,"column":19},"end":{"line":46,"column":3}},"13":{"start":{"line":43,"column":4},"end":{"line":45,"column":7}},"14":{"start":{"line":49,"column":2},"end":{"line":102,"column":3}},"15":{"start":{"line":50,"column":4},"end":{"line":50,"column":23}},"16":{"start":{"line":53,"column":7},"end":{"line":102,"column":3}},"17":{"start":{"line":54,"column":4},"end":{"line":54,"column":36}},"18":{"start":{"line":58,"column":4},"end":{"line":101,"column":6}},"19":{"start":{"line":69,"column":52},"end":{"line":69,"column":67}},"20":{"start":{"line":80,"column":31},"end":{"line":80,"column":42}},"21":{"start":{"line":92,"column":14},"end":{"line":96,"column":16}},"22":{"start":{"line":105,"column":0},"end":{"line":111,"column":2}},"23":{"start":{"line":113,"column":24},"end":{"line":116,"column":2}},"24":{"start":{"line":113,"column":36},"end":{"line":116,"column":1}}},"fnMap":{"0":{"name":"(anonymous_0)","decl":{"start":{"line":11,"column":23},"end":{"line":11,"column":24}},"loc":{"start":{"line":18,"column":6},"end":{"line":103,"column":1}},"line":18},"1":{"name":"(anonymous_1)","decl":{"start":{"line":20,"column":18},"end":{"line":20,"column":19}},"loc":{"start":{"line":20,"column":24},"end":{"line":22,"column":3}},"line":20},"2":{"name":"(anonymous_2)","decl":{"start":{"line":29,"column":23},"end":{"line":29,"column":24}},"loc":{"start":{"line":29,"column":30},"end":{"line":40,"column":3}},"line":29},"3":{"name":"(anonymous_3)","decl":{"start":{"line":42,"column":19},"end":{"line":42,"column":20}},"loc":{"start":{"line":42,"column":26},"end":{"line":46,"column":3}},"line":42},"4":{"name":"(anonymous_4)","decl":{"start":{"line":69,"column":45},"end":{"line":69,"column":46}},"loc":{"start":{"line":69,"column":52},"end":{"line":69,"column":67}},"line":69},"5":{"name":"(anonymous_5)","decl":{"start":{"line":80,"column":24},"end":{"line":80,"column":25}},"loc":{"start":{"line":80,"column":31},"end":{"line":80,"column":42}},"line":80},"6":{"name":"(anonymous_6)","decl":{"start":{"line":91,"column":31},"end":{"line":91,"column":32}},"loc":{"start":{"line":92,"column":14},"end":{"line":96,"column":16}},"line":92},"7":{"name":"(anonymous_7)","decl":{"start":{"line":113,"column":24},"end":{"line":113,"column":25}},"loc":{"start":{"line":113,"column":36},"end":{"line":116,"column":1}},"line":113}},"branchMap":{"0":{"loc":{"start":{"line":31,"column":4},"end":{"line":39,"column":5}},"type":"if","locations":[{"start":{"line":31,"column":4},"end":{"line":39,"column":5}},{"start":{"line":31,"column":4},"end":{"line":39,"column":5}}],"line":31},"1":{"loc":{"start":{"line":49,"column":2},"end":{"line":102,"column":3}},"type":"if","locations":[{"start":{"line":49,"column":2},"end":{"line":102,"column":3}},{"start":{"line":49,"column":2},"end":{"line":102,"column":3}}],"line":49},"2":{"loc":{"start":{"line":49,"column":6},"end":{"line":49,"column":40}},"type":"binary-expr","locations":[{"start":{"line":49,"column":6},"end":{"line":49,"column":13}},{"start":{"line":49,"column":18},"end":{"line":49,"column":23}},{"start":{"line":49,"column":27},"end":{"line":49,"column":39}}],"line":49},"3":{"loc":{"start":{"line":53,"column":7},"end":{"line":102,"column":3}},"type":"if","locations":[{"start":{"line":53,"column":7},"end":{"line":102,"column":3}},{"start":{"line":53,"column":7},"end":{"line":102,"column":3}}],"line":53},"4":{"loc":{"start":{"line":53,"column":11},"end":{"line":53,"column":31}},"type":"binary-expr","locations":[{"start":{"line":53,"column":11},"end":{"line":53,"column":16}},{"start":{"line":53,"column":20},"end":{"line":53,"column":31}}],"line":53}},"s":{"0":1,"1":15,"2":1,"3":15,"4":15,"5":15,"6":3,"7":3,"8":2,"9":2,"10":2,"11":1,"12":15,"13":1,"14":15,"15":1,"16":14,"17":1,"18":13,"19":3,"20":1,"21":26,"22":1,"23":1,"24":0},"f":{"0":15,"1":1,"2":3,"3":1,"4":3,"5":1,"6":26,"7":0},"b":{"0":[2,1],"1":[1,14],"2":[15,14,1],"3":[1,13],"4":[14,1]},"_coverageSchema":"43e27e138ebf9cfc5966b082cf9a028302ed4184","hash":"1aa22ce1a976cf008a67b9e4a94051ee23fff2ca"}
,"/Users/brendan/Documents/development/portfolio/explorersConnect/client/src/components/posts/CommentItem.js": {"path":"/Users/brendan/Documents/development/portfolio/explorersConnect/client/src/components/posts/CommentItem.js","statementMap":{"0":{"start":{"line":8,"column":20},"end":{"line":50,"column":1}},"1":{"start":{"line":14,"column":30},"end":{"line":16,"column":3}},"2":{"start":{"line":15,"column":4},"end":{"line":15,"column":31}},"3":{"start":{"line":18,"column":27},"end":{"line":29,"column":3}},"4":{"start":{"line":19,"column":4},"end":{"line":28,"column":5}},"5":{"start":{"line":20,"column":6},"end":{"line":27,"column":8}},"6":{"start":{"line":23,"column":24},"end":{"line":23,"column":46}},"7":{"start":{"line":31,"column":2},"end":{"line":49,"column":4}},"8":{"start":{"line":52,"column":0},"end":{"line":54,"column":2}},"9":{"start":{"line":56,"column":24},"end":{"line":58,"column":2}},"10":{"start":{"line":56,"column":34},"end":{"line":58,"column":1}}},"fnMap":{"0":{"name":"(anonymous_0)","decl":{"start":{"line":8,"column":20},"end":{"line":8,"column":21}},"loc":{"start":{"line":13,"column":6},"end":{"line":50,"column":1}},"line":13},"1":{"name":"(anonymous_1)","decl":{"start":{"line":14,"column":30},"end":{"line":14,"column":31}},"loc":{"start":{"line":14,"column":35},"end":{"line":16,"column":3}},"line":14},"2":{"name":"(anonymous_2)","decl":{"start":{"line":18,"column":27},"end":{"line":18,"column":28}},"loc":{"start":{"line":18,"column":33},"end":{"line":29,"column":3}},"line":18},"3":{"name":"(anonymous_3)","decl":{"start":{"line":23,"column":19},"end":{"line":23,"column":20}},"loc":{"start":{"line":23,"column":24},"end":{"line":23,"column":46}},"line":23},"4":{"name":"(anonymous_4)","decl":{"start":{"line":56,"column":24},"end":{"line":56,"column":25}},"loc":{"start":{"line":56,"column":34},"end":{"line":58,"column":1}},"line":56}},"branchMap":{"0":{"loc":{"start":{"line":19,"column":4},"end":{"line":28,"column":5}},"type":"if","locations":[{"start":{"line":19,"column":4},"end":{"line":28,"column":5}},{"start":{"line":19,"column":4},"end":{"line":28,"column":5}}],"line":19},"1":{"loc":{"start":{"line":19,"column":8},"end":{"line":19,"column":52}},"type":"binary-expr","locations":[{"start":{"line":19,"column":8},"end":{"line":19,"column":23}},{"start":{"line":19,"column":27},"end":{"line":19,"column":52}}],"line":19}},"s":{"0":1,"1":0,"2":0,"3":0,"4":0,"5":0,"6":0,"7":0,"8":1,"9":1,"10":0},"f":{"0":0,"1":0,"2":0,"3":0,"4":0},"b":{"0":[0,0],"1":[0,0]},"_coverageSchema":"43e27e138ebf9cfc5966b082cf9a028302ed4184","hash":"0055f11fc731ccc627344ca74b93476df2e11218"}
,"/Users/brendan/Documents/development/portfolio/explorersConnect/client/src/components/posts/PostItem.js": {"path":"/Users/brendan/Documents/development/portfolio/explorersConnect/client/src/components/posts/PostItem.js","statementMap":{"0":{"start":{"line":11,"column":24},"end":{"line":102,"column":1}},"1":{"start":{"line":21,"column":21},"end":{"line":27,"column":3}},"2":{"start":{"line":22,"column":4},"end":{"line":26,"column":5}},"3":{"start":{"line":23,"column":6},"end":{"line":23,"column":20}},"4":{"start":{"line":25,"column":6},"end":{"line":25,"column":67}},"5":{"start":{"line":29,"column":23},"end":{"line":35,"column":3}},"6":{"start":{"line":30,"column":4},"end":{"line":34,"column":5}},"7":{"start":{"line":31,"column":6},"end":{"line":31,"column":22}},"8":{"start":{"line":33,"column":6},"end":{"line":33,"column":67}},"9":{"start":{"line":37,"column":28},"end":{"line":48,"column":3}},"10":{"start":{"line":38,"column":4},"end":{"line":47,"column":5}},"11":{"start":{"line":39,"column":6},"end":{"line":46,"column":8}},"12":{"start":{"line":50,"column":27},"end":{"line":52,"column":3}},"13":{"start":{"line":51,"column":4},"end":{"line":51,"column":20}},"14":{"start":{"line":54,"column":27},"end":{"line":65,"column":3}},"15":{"start":{"line":55,"column":4},"end":{"line":64,"column":5}},"16":{"start":{"line":56,"column":6},"end":{"line":63,"column":8}},"17":{"start":{"line":59,"column":26},"end":{"line":59,"column":45}},"18":{"start":{"line":68,"column":2},"end":{"line":101,"column":3}},"19":{"start":{"line":69,"column":4},"end":{"line":69,"column":23}},"20":{"start":{"line":71,"column":4},"end":{"line":100,"column":6}},"21":{"start":{"line":87,"column":52},"end":{"line":87,"column":65}},"22":{"start":{"line":90,"column":52},"end":{"line":90,"column":67}},"23":{"start":{"line":104,"column":0},"end":{"line":112,"column":2}},"24":{"start":{"line":114,"column":24},"end":{"line":117,"column":2}},"25":{"start":{"line":114,"column":36},"end":{"line":117,"column":1}}},"fnMap":{"0":{"name":"(anonymous_0)","decl":{"start":{"line":11,"column":24},"end":{"line":11,"column":25}},"loc":{"start":{"line":20,"column":6},"end":{"line":102,"column":1}},"line":20},"1":{"name":"(anonymous_1)","decl":{"start":{"line":21,"column":21},"end":{"line":21,"column":22}},"loc":{"start":{"line":21,"column":28},"end":{"line":27,"column":3}},"line":21},"2":{"name":"(anonymous_2)","decl":{"start":{"line":29,"column":23},"end":{"line":29,"column":24}},"loc":{"start":{"line":29,"column":30},"end":{"line":35,"column":3}},"line":29},"3":{"name":"(anonymous_3)","decl":{"start":{"line":37,"column":28},"end":{"line":37,"column":29}},"loc":{"start":{"line":37,"column":34},"end":{"line":48,"column":3}},"line":37},"4":{"name":"(anonymous_4)","decl":{"start":{"line":50,"column":27},"end":{"line":50,"column":28}},"loc":{"start":{"line":50,"column":34},"end":{"line":52,"column":3}},"line":50},"5":{"name":"(anonymous_5)","decl":{"start":{"line":54,"column":27},"end":{"line":54,"column":28}},"loc":{"start":{"line":54,"column":33},"end":{"line":65,"column":3}},"line":54},"6":{"name":"(anonymous_6)","decl":{"start":{"line":59,"column":19},"end":{"line":59,"column":20}},"loc":{"start":{"line":59,"column":26},"end":{"line":59,"column":45}},"line":59},"7":{"name":"(anonymous_7)","decl":{"start":{"line":87,"column":45},"end":{"line":87,"column":46}},"loc":{"start":{"line":87,"column":52},"end":{"line":87,"column":65}},"line":87},"8":{"name":"(anonymous_8)","decl":{"start":{"line":90,"column":45},"end":{"line":90,"column":46}},"loc":{"start":{"line":90,"column":52},"end":{"line":90,"column":67}},"line":90},"9":{"name":"(anonymous_9)","decl":{"start":{"line":114,"column":24},"end":{"line":114,"column":25}},"loc":{"start":{"line":114,"column":36},"end":{"line":117,"column":1}},"line":114}},"branchMap":{"0":{"loc":{"start":{"line":22,"column":4},"end":{"line":26,"column":5}},"type":"if","locations":[{"start":{"line":22,"column":4},"end":{"line":26,"column":5}},{"start":{"line":22,"column":4},"end":{"line":26,"column":5}}],"line":22},"1":{"loc":{"start":{"line":30,"column":4},"end":{"line":34,"column":5}},"type":"if","locations":[{"start":{"line":30,"column":4},"end":{"line":34,"column":5}},{"start":{"line":30,"column":4},"end":{"line":34,"column":5}}],"line":30},"2":{"loc":{"start":{"line":38,"column":4},"end":{"line":47,"column":5}},"type":"if","locations":[{"start":{"line":38,"column":4},"end":{"line":47,"column":5}},{"start":{"line":38,"column":4},"end":{"line":47,"column":5}}],"line":38},"3":{"loc":{"start":{"line":55,"column":4},"end":{"line":64,"column":5}},"type":"if","locations":[{"start":{"line":55,"column":4},"end":{"line":64,"column":5}},{"start":{"line":55,"column":4},"end":{"line":64,"column":5}}],"line":55},"4":{"loc":{"start":{"line":55,"column":8},"end":{"line":55,"column":52}},"type":"binary-expr","locations":[{"start":{"line":55,"column":8},"end":{"line":55,"column":23}},{"start":{"line":55,"column":27},"end":{"line":55,"column":52}}],"line":55},"5":{"loc":{"start":{"line":68,"column":2},"end":{"line":101,"column":3}},"type":"if","locations":[{"start":{"line":68,"column":2},"end":{"line":101,"column":3}},{"start":{"line":68,"column":2},"end":{"line":101,"column":3}}],"line":68}},"s":{"0":1,"1":0,"2":0,"3":0,"4":0,"5":0,"6":0,"7":0,"8":0,"9":0,"10":0,"11":0,"12":0,"13":0,"14":0,"15":0,"16":0,"17":0,"18":0,"19":0,"20":0,"21":0,"22":0,"23":1,"24":1,"25":0},"f":{"0":0,"1":0,"2":0,"3":0,"4":0,"5":0,"6":0,"7":0,"8":0,"9":0},"b":{"0":[0,0],"1":[0,0],"2":[0,0],"3":[0,0],"4":[0,0],"5":[0,0]},"_coverageSchema":"43e27e138ebf9cfc5966b082cf9a028302ed4184","hash":"a8c98054e3ec6cf16e1c1f7fec2ae26a6c170218"}
,"/Users/brendan/Documents/development/portfolio/explorersConnect/client/src/reducers/alert.js": {"path":"/Users/brendan/Documents/development/portfolio/explorersConnect/client/src/reducers/alert.js","statementMap":{"0":{"start":{"line":3,"column":21},"end":{"line":3,"column":23}},"1":{"start":{"line":7,"column":28},"end":{"line":7,"column":34}},"2":{"start":{"line":10,"column":2},"end":{"line":17,"column":3}},"3":{"start":{"line":12,"column":6},"end":{"line":12,"column":33}},"4":{"start":{"line":14,"column":6},"end":{"line":14,"column":57}},"5":{"start":{"line":14,"column":35},"end":{"line":14,"column":55}},"6":{"start":{"line":16,"column":6},"end":{"line":16,"column":19}}},"fnMap":{"0":{"name":"(anonymous_0)","decl":{"start":{"line":6,"column":15},"end":{"line":6,"column":16}},"loc":{"start":{"line":6,"column":54},"end":{"line":18,"column":1}},"line":6},"1":{"name":"(anonymous_1)","decl":{"start":{"line":14,"column":26},"end":{"line":14,"column":27}},"loc":{"start":{"line":14,"column":35},"end":{"line":14,"column":55}},"line":14}},"branchMap":{"0":{"loc":{"start":{"line":6,"column":24},"end":{"line":6,"column":44}},"type":"default-arg","locations":[{"start":{"line":6,"column":32},"end":{"line":6,"column":44}}],"line":6},"1":{"loc":{"start":{"line":10,"column":2},"end":{"line":17,"column":3}},"type":"switch","locations":[{"start":{"line":11,"column":4},"end":{"line":12,"column":33}},{"start":{"line":13,"column":4},"end":{"line":14,"column":57}},{"start":{"line":15,"column":4},"end":{"line":16,"column":19}}],"line":10}},"s":{"0":1,"1":3,"2":3,"3":1,"4":1,"5":0,"6":1},"f":{"0":3,"1":0},"b":{"0":[3],"1":[1,1,1]},"_coverageSchema":"43e27e138ebf9cfc5966b082cf9a028302ed4184","hash":"6fb099389fbe2d9041776616d3bf9482fc2aa0da"}
,"/Users/brendan/Documents/development/portfolio/explorersConnect/client/src/reducers/auth.js": {"path":"/Users/brendan/Documents/development/portfolio/explorersConnect/client/src/reducers/auth.js","statementMap":{"0":{"start":{"line":12,"column":21},"end":{"line":17,"column":1}},"1":{"start":{"line":20,"column":28},"end":{"line":20,"column":34}},"2":{"start":{"line":22,"column":2},"end":{"line":56,"column":3}},"3":{"start":{"line":24,"column":6},"end":{"line":29,"column":8}},"4":{"start":{"line":33,"column":6},"end":{"line":33,"column":51}},"5":{"start":{"line":34,"column":6},"end":{"line":39,"column":8}},"6":{"start":{"line":46,"column":6},"end":{"line":46,"column":39}},"7":{"start":{"line":47,"column":6},"end":{"line":52,"column":8}},"8":{"start":{"line":55,"column":6},"end":{"line":55,"column":19}}},"fnMap":{"0":{"name":"(anonymous_0)","decl":{"start":{"line":19,"column":15},"end":{"line":19,"column":16}},"loc":{"start":{"line":19,"column":55},"end":{"line":57,"column":1}},"line":19}},"branchMap":{"0":{"loc":{"start":{"line":19,"column":25},"end":{"line":19,"column":45}},"type":"default-arg","locations":[{"start":{"line":19,"column":33},"end":{"line":19,"column":45}}],"line":19},"1":{"loc":{"start":{"line":22,"column":2},"end":{"line":56,"column":3}},"type":"switch","locations":[{"start":{"line":23,"column":4},"end":{"line":29,"column":8}},{"start":{"line":31,"column":4},"end":{"line":31,"column":26}},{"start":{"line":32,"column":4},"end":{"line":39,"column":8}},{"start":{"line":41,"column":4},"end":{"line":41,"column":23}},{"start":{"line":42,"column":4},"end":{"line":42,"column":20}},{"start":{"line":43,"column":4},"end":{"line":43,"column":20}},{"start":{"line":44,"column":4},"end":{"line":44,"column":16}},{"start":{"line":45,"column":4},"end":{"line":52,"column":8}},{"start":{"line":54,"column":4},"end":{"line":55,"column":19}}],"line":22}},"s":{"0":1,"1":8,"2":8,"3":1,"4":2,"5":2,"6":4,"7":4,"8":1},"f":{"0":8},"b":{"0":[8],"1":[1,1,2,1,2,3,4,4,1]},"_coverageSchema":"43e27e138ebf9cfc5966b082cf9a028302ed4184","hash":"e85546a6581f3ef8582695c7e5e0d732ab09abff"}
,"/Users/brendan/Documents/development/portfolio/explorersConnect/client/src/reducers/post.js": {"path":"/Users/brendan/Documents/development/portfolio/explorersConnect/client/src/reducers/post.js","statementMap":{"0":{"start":{"line":13,"column":21},"end":{"line":20,"column":1}},"1":{"start":{"line":23,"column":28},"end":{"line":23,"column":34}},"2":{"start":{"line":25,"column":2},"end":{"line":119,"column":3}},"3":{"start":{"line":27,"column":6},"end":{"line":32,"column":8}},"4":{"start":{"line":34,"column":6},"end":{"line":40,"column":8}},"5":{"start":{"line":43,"column":6},"end":{"line":62,"column":8}},"6":{"start":{"line":53,"column":10},"end":{"line":58,"column":18}},"7":{"start":{"line":64,"column":6},"end":{"line":69,"column":8}},"8":{"start":{"line":71,"column":6},"end":{"line":90,"column":8}},"9":{"start":{"line":81,"column":10},"end":{"line":86,"column":18}},"10":{"start":{"line":92,"column":6},"end":{"line":98,"column":8}},"11":{"start":{"line":95,"column":42},"end":{"line":95,"column":65}},"12":{"start":{"line":100,"column":6},"end":{"line":109,"column":8}},"13":{"start":{"line":111,"column":6},"end":{"line":116,"column":8}},"14":{"start":{"line":118,"column":6},"end":{"line":118,"column":19}}},"fnMap":{"0":{"name":"(anonymous_0)","decl":{"start":{"line":22,"column":15},"end":{"line":22,"column":16}},"loc":{"start":{"line":22,"column":54},"end":{"line":120,"column":1}},"line":22},"1":{"name":"(anonymous_1)","decl":{"start":{"line":50,"column":31},"end":{"line":50,"column":32}},"loc":{"start":{"line":53,"column":10},"end":{"line":58,"column":18}},"line":53},"2":{"name":"(anonymous_2)","decl":{"start":{"line":78,"column":31},"end":{"line":78,"column":32}},"loc":{"start":{"line":81,"column":10},"end":{"line":86,"column":18}},"line":81},"3":{"name":"(anonymous_3)","decl":{"start":{"line":95,"column":34},"end":{"line":95,"column":35}},"loc":{"start":{"line":95,"column":42},"end":{"line":95,"column":65}},"line":95}},"branchMap":{"0":{"loc":{"start":{"line":22,"column":24},"end":{"line":22,"column":44}},"type":"default-arg","locations":[{"start":{"line":22,"column":32},"end":{"line":22,"column":44}}],"line":22},"1":{"loc":{"start":{"line":25,"column":2},"end":{"line":119,"column":3}},"type":"switch","locations":[{"start":{"line":26,"column":4},"end":{"line":32,"column":8}},{"start":{"line":33,"column":4},"end":{"line":40,"column":8}},{"start":{"line":41,"column":4},"end":{"line":41,"column":21}},{"start":{"line":42,"column":4},"end":{"line":62,"column":8}},{"start":{"line":63,"column":4},"end":{"line":69,"column":8}},{"start":{"line":70,"column":4},"end":{"line":90,"column":8}},{"start":{"line":91,"column":4},"end":{"line":98,"column":8}},{"start":{"line":99,"column":4},"end":{"line":109,"column":8}},{"start":{"line":110,"column":4},"end":{"line":116,"column":8}},{"start":{"line":117,"column":4},"end":{"line":118,"column":19}}],"line":25},"2":{"loc":{"start":{"line":53,"column":10},"end":{"line":58,"column":18}},"type":"cond-expr","locations":[{"start":{"line":54,"column":14},"end":{"line":57,"column":15}},{"start":{"line":58,"column":14},"end":{"line":58,"column":18}}],"line":53},"3":{"loc":{"start":{"line":81,"column":10},"end":{"line":86,"column":18}},"type":"cond-expr","locations":[{"start":{"line":82,"column":14},"end":{"line":85,"column":15}},{"start":{"line":86,"column":14},"end":{"line":86,"column":18}}],"line":81}},"s":{"0":1,"1":10,"2":10,"3":1,"4":1,"5":2,"6":2,"7":1,"8":1,"9":1,"10":1,"11":1,"12":1,"13":1,"14":1},"f":{"0":10,"1":2,"2":1,"3":1},"b":{"0":[5],"1":[1,1,1,2,1,1,1,1,1,1],"2":[2,0],"3":[1,0]},"_coverageSchema":"43e27e138ebf9cfc5966b082cf9a028302ed4184","hash":"47d856afd8807dea893ff58934133f38ce8d1f7e"}
,"/Users/brendan/Documents/development/portfolio/explorersConnect/client/src/reducers/profile.js": {"path":"/Users/brendan/Documents/development/portfolio/explorersConnect/client/src/reducers/profile.js","statementMap":{"0":{"start":{"line":14,"column":21},"end":{"line":19,"column":1}},"1":{"start":{"line":22,"column":28},"end":{"line":22,"column":34}},"2":{"start":{"line":24,"column":2},"end":{"line":54,"column":3}},"3":{"start":{"line":29,"column":6},"end":{"line":33,"column":8}},"4":{"start":{"line":35,"column":6},"end":{"line":39,"column":8}},"5":{"start":{"line":41,"column":6},"end":{"line":45,"column":8}},"6":{"start":{"line":47,"column":6},"end":{"line":51,"column":8}},"7":{"start":{"line":53,"column":6},"end":{"line":53,"column":19}}},"fnMap":{"0":{"name":"(anonymous_0)","decl":{"start":{"line":21,"column":15},"end":{"line":21,"column":16}},"loc":{"start":{"line":21,"column":55},"end":{"line":55,"column":1}},"line":21}},"branchMap":{"0":{"loc":{"start":{"line":21,"column":25},"end":{"line":21,"column":45}},"type":"default-arg","locations":[{"start":{"line":21,"column":33},"end":{"line":21,"column":45}}],"line":21},"1":{"loc":{"start":{"line":24,"column":2},"end":{"line":54,"column":3}},"type":"switch","locations":[{"start":{"line":25,"column":4},"end":{"line":25,"column":21}},{"start":{"line":26,"column":4},"end":{"line":26,"column":24}},{"start":{"line":27,"column":4},"end":{"line":27,"column":24}},{"start":{"line":28,"column":4},"end":{"line":33,"column":8}},{"start":{"line":34,"column":4},"end":{"line":39,"column":8}},{"start":{"line":40,"column":4},"end":{"line":45,"column":8}},{"start":{"line":46,"column":4},"end":{"line":51,"column":8}},{"start":{"line":52,"column":4},"end":{"line":53,"column":19}}],"line":24}},"s":{"0":1,"1":8,"2":8,"3":4,"4":1,"5":1,"6":1,"7":1},"f":{"0":8},"b":{"0":[8],"1":[1,2,3,4,1,1,1,1]},"_coverageSchema":"43e27e138ebf9cfc5966b082cf9a028302ed4184","hash":"f57ff663ff37856cfed0dd02ba2b186288490cc6"}
,"/Users/brendan/Documents/development/portfolio/explorersConnect/client/src/utils/setAuthToken.js": {"path":"/Users/brendan/Documents/development/portfolio/explorersConnect/client/src/utils/setAuthToken.js","statementMap":{"0":{"start":{"line":7,"column":21},"end":{"line":14,"column":1}},"1":{"start":{"line":8,"column":2},"end":{"line":13,"column":3}},"2":{"start":{"line":10,"column":4},"end":{"line":10,"column":58}},"3":{"start":{"line":12,"column":4},"end":{"line":12,"column":57}}},"fnMap":{"0":{"name":"(anonymous_0)","decl":{"start":{"line":7,"column":21},"end":{"line":7,"column":22}},"loc":{"start":{"line":7,"column":30},"end":{"line":14,"column":1}},"line":7}},"branchMap":{"0":{"loc":{"start":{"line":8,"column":2},"end":{"line":13,"column":3}},"type":"if","locations":[{"start":{"line":8,"column":2},"end":{"line":13,"column":3}},{"start":{"line":8,"column":2},"end":{"line":13,"column":3}}],"line":8}},"s":{"0":10,"1":0,"2":0,"3":0},"f":{"0":0},"b":{"0":[0,0]},"_coverageSchema":"43e27e138ebf9cfc5966b082cf9a028302ed4184","hash":"58fcec3bc38ebf569dd663997768d8f0f337164d"}
}
