{"/Users/brendan/Documents/development/portfolio/explorersConnect/client/src/actions/alert.js": {"path":"/Users/brendan/Documents/development/portfolio/explorersConnect/client/src/actions/alert.js","statementMap":{"0":{"start":{"line":8,"column":24},"end":{"line":16,"column":1}},"1":{"start":{"line":8,"column":60},"end":{"line":16,"column":1}},"2":{"start":{"line":9,"column":13},"end":{"line":9,"column":22}},"3":{"start":{"line":10,"column":2},"end":{"line":13,"column":5}},"4":{"start":{"line":15,"column":2},"end":{"line":15,"column":75}},"5":{"start":{"line":15,"column":19},"end":{"line":15,"column":64}}},"fnMap":{"0":{"name":"(anonymous_0)","decl":{"start":{"line":8,"column":24},"end":{"line":8,"column":25}},"loc":{"start":{"line":8,"column":60},"end":{"line":16,"column":1}},"line":8},"1":{"name":"(anonymous_1)","decl":{"start":{"line":8,"column":60},"end":{"line":8,"column":61}},"loc":{"start":{"line":8,"column":72},"end":{"line":16,"column":1}},"line":8},"2":{"name":"(anonymous_2)","decl":{"start":{"line":15,"column":13},"end":{"line":15,"column":14}},"loc":{"start":{"line":15,"column":19},"end":{"line":15,"column":64}},"line":15}},"branchMap":{"0":{"loc":{"start":{"line":8,"column":41},"end":{"line":8,"column":55}},"type":"default-arg","locations":[{"start":{"line":8,"column":51},"end":{"line":8,"column":55}}],"line":8}},"s":{"0":1,"1":0,"2":0,"3":0,"4":0,"5":0},"f":{"0":0,"1":0,"2":0},"b":{"0":[0]},"_coverageSchema":"43e27e138ebf9cfc5966b082cf9a028302ed4184","hash":"0ec868b5458f5b0ca5240f141475dd3396c91b60"}
,"/Users/brendan/Documents/development/portfolio/explorersConnect/client/src/actions/profile.js": {"path":"/Users/brendan/Documents/development/portfolio/explorersConnect/client/src/actions/profile.js","statementMap":{"0":{"start":{"line":16,"column":33},"end":{"line":38,"column":1}},"1":{"start":{"line":16,"column":39},"end":{"line":38,"column":1}},"2":{"start":{"line":17,"column":2},"end":{"line":37,"column":3}},"3":{"start":{"line":19,"column":4},"end":{"line":21,"column":5}},"4":{"start":{"line":20,"column":6},"end":{"line":20,"column":39}},"5":{"start":{"line":24,"column":16},"end":{"line":24,"column":51}},"6":{"start":{"line":27,"column":4},"end":{"line":30,"column":7}},"7":{"start":{"line":33,"column":4},"end":{"line":36,"column":7}},"8":{"start":{"line":41,"column":30},"end":{"line":58,"column":1}},"9":{"start":{"line":41,"column":36},"end":{"line":58,"column":1}},"10":{"start":{"line":42,"column":2},"end":{"line":57,"column":3}},"11":{"start":{"line":44,"column":16},"end":{"line":44,"column":49}},"12":{"start":{"line":47,"column":4},"end":{"line":50,"column":7}},"13":{"start":{"line":53,"column":4},"end":{"line":56,"column":7}},"14":{"start":{"line":61,"column":30},"end":{"line":77,"column":1}},"15":{"start":{"line":61,"column":38},"end":{"line":77,"column":1}},"16":{"start":{"line":62,"column":2},"end":{"line":76,"column":3}},"17":{"start":{"line":64,"column":16},"end":{"line":64,"column":59}},"18":{"start":{"line":66,"column":4},"end":{"line":69,"column":7}},"19":{"start":{"line":72,"column":4},"end":{"line":75,"column":7}},"20":{"start":{"line":80,"column":29},"end":{"line":121,"column":1}},"21":{"start":{"line":84,"column":5},"end":{"line":121,"column":1}},"22":{"start":{"line":86,"column":2},"end":{"line":88,"column":3}},"23":{"start":{"line":87,"column":4},"end":{"line":87,"column":37}},"24":{"start":{"line":91,"column":17},"end":{"line":95,"column":3}},"25":{"start":{"line":97,"column":2},"end":{"line":120,"column":3}},"26":{"start":{"line":99,"column":16},"end":{"line":99,"column":67}},"27":{"start":{"line":102,"column":4},"end":{"line":105,"column":7}},"28":{"start":{"line":108,"column":4},"end":{"line":108,"column":80}},"29":{"start":{"line":112,"column":4},"end":{"line":114,"column":5}},"30":{"start":{"line":113,"column":6},"end":{"line":113,"column":33}},"31":{"start":{"line":116,"column":4},"end":{"line":119,"column":7}},"32":{"start":{"line":124,"column":31},"end":{"line":158,"column":1}},"33":{"start":{"line":124,"column":54},"end":{"line":158,"column":1}},"34":{"start":{"line":126,"column":2},"end":{"line":128,"column":3}},"35":{"start":{"line":127,"column":4},"end":{"line":127,"column":37}},"36":{"start":{"line":131,"column":17},"end":{"line":135,"column":3}},"37":{"start":{"line":137,"column":2},"end":{"line":157,"column":3}},"38":{"start":{"line":139,"column":16},"end":{"line":139,"column":79}},"39":{"start":{"line":142,"column":4},"end":{"line":145,"column":7}},"40":{"start":{"line":148,"column":4},"end":{"line":148,"column":80}},"41":{"start":{"line":151,"column":4},"end":{"line":151,"column":31}},"42":{"start":{"line":153,"column":4},"end":{"line":156,"column":7}},"43":{"start":{"line":161,"column":24},"end":{"line":195,"column":1}},"44":{"start":{"line":161,"column":47},"end":{"line":195,"column":1}},"45":{"start":{"line":163,"column":2},"end":{"line":165,"column":3}},"46":{"start":{"line":164,"column":4},"end":{"line":164,"column":37}},"47":{"start":{"line":168,"column":17},"end":{"line":172,"column":3}},"48":{"start":{"line":174,"column":2},"end":{"line":194,"column":3}},"49":{"start":{"line":176,"column":16},"end":{"line":176,"column":72}},"50":{"start":{"line":179,"column":4},"end":{"line":182,"column":7}},"51":{"start":{"line":185,"column":4},"end":{"line":185,"column":73}},"52":{"start":{"line":188,"column":4},"end":{"line":188,"column":31}},"53":{"start":{"line":190,"column":4},"end":{"line":193,"column":7}},"54":{"start":{"line":198,"column":34},"end":{"line":214,"column":1}},"55":{"start":{"line":198,"column":42},"end":{"line":214,"column":1}},"56":{"start":{"line":199,"column":2},"end":{"line":213,"column":3}},"57":{"start":{"line":200,"column":16},"end":{"line":200,"column":70}},"58":{"start":{"line":202,"column":4},"end":{"line":205,"column":7}},"59":{"start":{"line":207,"column":4},"end":{"line":207,"column":59}},"60":{"start":{"line":209,"column":4},"end":{"line":212,"column":7}},"61":{"start":{"line":217,"column":27},"end":{"line":233,"column":1}},"62":{"start":{"line":217,"column":35},"end":{"line":233,"column":1}},"63":{"start":{"line":218,"column":2},"end":{"line":232,"column":3}},"64":{"start":{"line":219,"column":16},"end":{"line":219,"column":63}},"65":{"start":{"line":221,"column":4},"end":{"line":224,"column":7}},"66":{"start":{"line":226,"column":4},"end":{"line":226,"column":52}},"67":{"start":{"line":228,"column":4},"end":{"line":231,"column":7}},"68":{"start":{"line":236,"column":29},"end":{"line":259,"column":1}},"69":{"start":{"line":236,"column":42},"end":{"line":259,"column":1}},"70":{"start":{"line":237,"column":2},"end":{"line":258,"column":3}},"71":{"start":{"line":238,"column":4},"end":{"line":257,"column":5}},"72":{"start":{"line":239,"column":6},"end":{"line":239,"column":43}},"73":{"start":{"line":242,"column":6},"end":{"line":244,"column":9}},"74":{"start":{"line":247,"column":6},"end":{"line":249,"column":9}},"75":{"start":{"line":251,"column":6},"end":{"line":251,"column":62}},"76":{"start":{"line":253,"column":6},"end":{"line":256,"column":9}}},"fnMap":{"0":{"name":"(anonymous_0)","decl":{"start":{"line":16,"column":33},"end":{"line":16,"column":34}},"loc":{"start":{"line":16,"column":39},"end":{"line":38,"column":1}},"line":16},"1":{"name":"(anonymous_1)","decl":{"start":{"line":16,"column":39},"end":{"line":16,"column":40}},"loc":{"start":{"line":16,"column":59},"end":{"line":38,"column":1}},"line":16},"2":{"name":"(anonymous_2)","decl":{"start":{"line":41,"column":30},"end":{"line":41,"column":31}},"loc":{"start":{"line":41,"column":36},"end":{"line":58,"column":1}},"line":41},"3":{"name":"(anonymous_3)","decl":{"start":{"line":41,"column":36},"end":{"line":41,"column":37}},"loc":{"start":{"line":41,"column":56},"end":{"line":58,"column":1}},"line":41},"4":{"name":"(anonymous_4)","decl":{"start":{"line":61,"column":30},"end":{"line":61,"column":31}},"loc":{"start":{"line":61,"column":38},"end":{"line":77,"column":1}},"line":61},"5":{"name":"(anonymous_5)","decl":{"start":{"line":61,"column":38},"end":{"line":61,"column":39}},"loc":{"start":{"line":61,"column":58},"end":{"line":77,"column":1}},"line":61},"6":{"name":"(anonymous_6)","decl":{"start":{"line":80,"column":29},"end":{"line":80,"column":30}},"loc":{"start":{"line":84,"column":5},"end":{"line":121,"column":1}},"line":84},"7":{"name":"(anonymous_7)","decl":{"start":{"line":84,"column":5},"end":{"line":84,"column":6}},"loc":{"start":{"line":84,"column":25},"end":{"line":121,"column":1}},"line":84},"8":{"name":"(anonymous_8)","decl":{"start":{"line":124,"column":31},"end":{"line":124,"column":32}},"loc":{"start":{"line":124,"column":54},"end":{"line":158,"column":1}},"line":124},"9":{"name":"(anonymous_9)","decl":{"start":{"line":124,"column":54},"end":{"line":124,"column":55}},"loc":{"start":{"line":124,"column":74},"end":{"line":158,"column":1}},"line":124},"10":{"name":"(anonymous_10)","decl":{"start":{"line":161,"column":24},"end":{"line":161,"column":25}},"loc":{"start":{"line":161,"column":47},"end":{"line":195,"column":1}},"line":161},"11":{"name":"(anonymous_11)","decl":{"start":{"line":161,"column":47},"end":{"line":161,"column":48}},"loc":{"start":{"line":161,"column":67},"end":{"line":195,"column":1}},"line":161},"12":{"name":"(anonymous_12)","decl":{"start":{"line":198,"column":34},"end":{"line":198,"column":35}},"loc":{"start":{"line":198,"column":42},"end":{"line":214,"column":1}},"line":198},"13":{"name":"(anonymous_13)","decl":{"start":{"line":198,"column":42},"end":{"line":198,"column":43}},"loc":{"start":{"line":198,"column":62},"end":{"line":214,"column":1}},"line":198},"14":{"name":"(anonymous_14)","decl":{"start":{"line":217,"column":27},"end":{"line":217,"column":28}},"loc":{"start":{"line":217,"column":35},"end":{"line":233,"column":1}},"line":217},"15":{"name":"(anonymous_15)","decl":{"start":{"line":217,"column":35},"end":{"line":217,"column":36}},"loc":{"start":{"line":217,"column":55},"end":{"line":233,"column":1}},"line":217},"16":{"name":"(anonymous_16)","decl":{"start":{"line":236,"column":29},"end":{"line":236,"column":30}},"loc":{"start":{"line":236,"column":42},"end":{"line":259,"column":1}},"line":236},"17":{"name":"(anonymous_17)","decl":{"start":{"line":236,"column":42},"end":{"line":236,"column":43}},"loc":{"start":{"line":236,"column":62},"end":{"line":259,"column":1}},"line":236}},"branchMap":{"0":{"loc":{"start":{"line":19,"column":4},"end":{"line":21,"column":5}},"type":"if","locations":[{"start":{"line":19,"column":4},"end":{"line":21,"column":5}},{"start":{"line":19,"column":4},"end":{"line":21,"column":5}}],"line":19},"1":{"loc":{"start":{"line":83,"column":2},"end":{"line":83,"column":14}},"type":"default-arg","locations":[{"start":{"line":83,"column":9},"end":{"line":83,"column":14}}],"line":83},"2":{"loc":{"start":{"line":86,"column":2},"end":{"line":88,"column":3}},"type":"if","locations":[{"start":{"line":86,"column":2},"end":{"line":88,"column":3}},{"start":{"line":86,"column":2},"end":{"line":88,"column":3}}],"line":86},"3":{"loc":{"start":{"line":108,"column":22},"end":{"line":108,"column":66}},"type":"cond-expr","locations":[{"start":{"line":108,"column":29},"end":{"line":108,"column":46}},{"start":{"line":108,"column":49},"end":{"line":108,"column":66}}],"line":108},"4":{"loc":{"start":{"line":112,"column":4},"end":{"line":114,"column":5}},"type":"if","locations":[{"start":{"line":112,"column":4},"end":{"line":114,"column":5}},{"start":{"line":112,"column":4},"end":{"line":114,"column":5}}],"line":112},"5":{"loc":{"start":{"line":126,"column":2},"end":{"line":128,"column":3}},"type":"if","locations":[{"start":{"line":126,"column":2},"end":{"line":128,"column":3}},{"start":{"line":126,"column":2},"end":{"line":128,"column":3}}],"line":126},"6":{"loc":{"start":{"line":163,"column":2},"end":{"line":165,"column":3}},"type":"if","locations":[{"start":{"line":163,"column":2},"end":{"line":165,"column":3}},{"start":{"line":163,"column":2},"end":{"line":165,"column":3}}],"line":163},"7":{"loc":{"start":{"line":237,"column":2},"end":{"line":258,"column":3}},"type":"if","locations":[{"start":{"line":237,"column":2},"end":{"line":258,"column":3}},{"start":{"line":237,"column":2},"end":{"line":258,"column":3}}],"line":237}},"s":{"0":1,"1":0,"2":0,"3":0,"4":0,"5":0,"6":0,"7":0,"8":1,"9":0,"10":0,"11":0,"12":0,"13":0,"14":1,"15":0,"16":0,"17":0,"18":0,"19":0,"20":1,"21":0,"22":0,"23":0,"24":0,"25":0,"26":0,"27":0,"28":0,"29":0,"30":0,"31":0,"32":1,"33":0,"34":0,"35":0,"36":0,"37":0,"38":0,"39":0,"40":0,"41":0,"42":0,"43":1,"44":0,"45":0,"46":0,"47":0,"48":0,"49":0,"50":0,"51":0,"52":0,"53":0,"54":1,"55":0,"56":0,"57":0,"58":0,"59":0,"60":0,"61":1,"62":0,"63":0,"64":0,"65":0,"66":0,"67":0,"68":1,"69":0,"70":0,"71":0,"72":0,"73":0,"74":0,"75":0,"76":0},"f":{"0":0,"1":0,"2":0,"3":0,"4":0,"5":0,"6":0,"7":0,"8":0,"9":0,"10":0,"11":0,"12":0,"13":0,"14":0,"15":0,"16":0,"17":0},"b":{"0":[0,0],"1":[0],"2":[0,0],"3":[0,0],"4":[0,0],"5":[0,0],"6":[0,0],"7":[0,0]},"_coverageSchema":"43e27e138ebf9cfc5966b082cf9a028302ed4184","hash":"707bd4978e0222c860959f7b130db68d2ab84a9c"}
,"/Users/brendan/Documents/development/portfolio/explorersConnect/client/src/actions/types.js": {"path":"/Users/brendan/Documents/development/portfolio/explorersConnect/client/src/actions/types.js","statementMap":{"0":{"start":{"line":1,"column":25},"end":{"line":1,"column":36}},"1":{"start":{"line":2,"column":28},"end":{"line":2,"column":42}},"2":{"start":{"line":3,"column":32},"end":{"line":3,"column":50}},"3":{"start":{"line":4,"column":29},"end":{"line":4,"column":44}},"4":{"start":{"line":5,"column":27},"end":{"line":5,"column":40}},"5":{"start":{"line":6,"column":26},"end":{"line":6,"column":38}},"6":{"start":{"line":7,"column":29},"end":{"line":7,"column":44}},"7":{"start":{"line":8,"column":26},"end":{"line":8,"column":38}},"8":{"start":{"line":9,"column":22},"end":{"line":9,"column":30}},"9":{"start":{"line":10,"column":27},"end":{"line":10,"column":40}},"10":{"start":{"line":11,"column":29},"end":{"line":11,"column":44}},"11":{"start":{"line":12,"column":29},"end":{"line":12,"column":44}},"12":{"start":{"line":13,"column":30},"end":{"line":13,"column":46}},"13":{"start":{"line":14,"column":30},"end":{"line":14,"column":46}},"14":{"start":{"line":15,"column":31},"end":{"line":15,"column":48}},"15":{"start":{"line":16,"column":32},"end":{"line":16,"column":50}},"16":{"start":{"line":17,"column":33},"end":{"line":17,"column":52}},"17":{"start":{"line":18,"column":29},"end":{"line":18,"column":44}},"18":{"start":{"line":19,"column":27},"end":{"line":19,"column":40}},"19":{"start":{"line":20,"column":27},"end":{"line":20,"column":40}},"20":{"start":{"line":21,"column":27},"end":{"line":21,"column":40}},"21":{"start":{"line":22,"column":29},"end":{"line":22,"column":44}},"22":{"start":{"line":23,"column":24},"end":{"line":23,"column":34}},"23":{"start":{"line":24,"column":31},"end":{"line":24,"column":48}},"24":{"start":{"line":25,"column":27},"end":{"line":25,"column":40}},"25":{"start":{"line":26,"column":30},"end":{"line":26,"column":46}}},"fnMap":{},"branchMap":{},"s":{"0":1,"1":1,"2":1,"3":1,"4":1,"5":1,"6":1,"7":1,"8":1,"9":1,"10":1,"11":1,"12":1,"13":1,"14":1,"15":1,"16":1,"17":1,"18":1,"19":1,"20":1,"21":1,"22":1,"23":1,"24":1,"25":1},"f":{},"b":{},"_coverageSchema":"43e27e138ebf9cfc5966b082cf9a028302ed4184","hash":"1864e2c19fbed40b31ace0be8ab685560329362c"}
,"/Users/brendan/Documents/development/portfolio/explorersConnect/client/src/components/profile-forms/EditProfile.js": {"path":"/Users/brendan/Documents/development/portfolio/explorersConnect/client/src/components/profile-forms/EditProfile.js","statementMap":{"0":{"start":{"line":13,"column":27},"end":{"line":322,"column":1}},"1":{"start":{"line":21,"column":34},"end":{"line":37,"column":4}},"2":{"start":{"line":55,"column":6},"end":{"line":55,"column":14}},"3":{"start":{"line":57,"column":52},"end":{"line":57,"column":67}},"4":{"start":{"line":60,"column":2},"end":{"line":86,"column":16}},"5":{"start":{"line":61,"column":4},"end":{"line":61,"column":24}},"6":{"start":{"line":64,"column":4},"end":{"line":84,"column":7}},"7":{"start":{"line":90,"column":19},"end":{"line":95,"column":3}},"8":{"start":{"line":91,"column":4},"end":{"line":94,"column":7}},"9":{"start":{"line":98,"column":22},"end":{"line":103,"column":3}},"10":{"start":{"line":99,"column":4},"end":{"line":102,"column":7}},"11":{"start":{"line":106,"column":23},"end":{"line":109,"column":3}},"12":{"start":{"line":107,"column":4},"end":{"line":107,"column":23}},"13":{"start":{"line":108,"column":4},"end":{"line":108,"column":43}},"14":{"start":{"line":111,"column":2},"end":{"line":321,"column":4}},"15":{"start":{"line":131,"column":28},"end":{"line":131,"column":42}},"16":{"start":{"line":139,"column":28},"end":{"line":139,"column":42}},"17":{"start":{"line":147,"column":28},"end":{"line":147,"column":42}},"18":{"start":{"line":155,"column":28},"end":{"line":155,"column":42}},"19":{"start":{"line":163,"column":28},"end":{"line":163,"column":42}},"20":{"start":{"line":171,"column":28},"end":{"line":171,"column":42}},"21":{"start":{"line":179,"column":28},"end":{"line":179,"column":42}},"22":{"start":{"line":191,"column":29},"end":{"line":191,"column":40}},"23":{"start":{"line":214,"column":29},"end":{"line":214,"column":40}},"24":{"start":{"line":227,"column":29},"end":{"line":227,"column":40}},"25":{"start":{"line":239,"column":29},"end":{"line":239,"column":40}},"26":{"start":{"line":248,"column":27},"end":{"line":248,"column":67}},"27":{"start":{"line":267,"column":33},"end":{"line":267,"column":44}},"28":{"start":{"line":278,"column":33},"end":{"line":278,"column":44}},"29":{"start":{"line":289,"column":33},"end":{"line":289,"column":44}},"30":{"start":{"line":300,"column":33},"end":{"line":300,"column":44}},"31":{"start":{"line":314,"column":27},"end":{"line":314,"column":49}},"32":{"start":{"line":324,"column":0},"end":{"line":329,"column":2}},"33":{"start":{"line":331,"column":24},"end":{"line":333,"column":2}},"34":{"start":{"line":331,"column":36},"end":{"line":333,"column":1}}},"fnMap":{"0":{"name":"(anonymous_0)","decl":{"start":{"line":13,"column":27},"end":{"line":13,"column":28}},"loc":{"start":{"line":19,"column":6},"end":{"line":322,"column":1}},"line":19},"1":{"name":"(anonymous_1)","decl":{"start":{"line":60,"column":18},"end":{"line":60,"column":19}},"loc":{"start":{"line":60,"column":24},"end":{"line":86,"column":3}},"line":60},"2":{"name":"(anonymous_2)","decl":{"start":{"line":90,"column":19},"end":{"line":90,"column":20}},"loc":{"start":{"line":90,"column":26},"end":{"line":95,"column":3}},"line":90},"3":{"name":"(anonymous_3)","decl":{"start":{"line":98,"column":22},"end":{"line":98,"column":23}},"loc":{"start":{"line":98,"column":29},"end":{"line":103,"column":3}},"line":98},"4":{"name":"(anonymous_4)","decl":{"start":{"line":106,"column":23},"end":{"line":106,"column":24}},"loc":{"start":{"line":106,"column":30},"end":{"line":109,"column":3}},"line":106},"5":{"name":"(anonymous_5)","decl":{"start":{"line":131,"column":21},"end":{"line":131,"column":22}},"loc":{"start":{"line":131,"column":28},"end":{"line":131,"column":42}},"line":131},"6":{"name":"(anonymous_6)","decl":{"start":{"line":139,"column":21},"end":{"line":139,"column":22}},"loc":{"start":{"line":139,"column":28},"end":{"line":139,"column":42}},"line":139},"7":{"name":"(anonymous_7)","decl":{"start":{"line":147,"column":21},"end":{"line":147,"column":22}},"loc":{"start":{"line":147,"column":28},"end":{"line":147,"column":42}},"line":147},"8":{"name":"(anonymous_8)","decl":{"start":{"line":155,"column":21},"end":{"line":155,"column":22}},"loc":{"start":{"line":155,"column":28},"end":{"line":155,"column":42}},"line":155},"9":{"name":"(anonymous_9)","decl":{"start":{"line":163,"column":21},"end":{"line":163,"column":22}},"loc":{"start":{"line":163,"column":28},"end":{"line":163,"column":42}},"line":163},"10":{"name":"(anonymous_10)","decl":{"start":{"line":171,"column":21},"end":{"line":171,"column":22}},"loc":{"start":{"line":171,"column":28},"end":{"line":171,"column":42}},"line":171},"11":{"name":"(anonymous_11)","decl":{"start":{"line":179,"column":21},"end":{"line":179,"column":22}},"loc":{"start":{"line":179,"column":28},"end":{"line":179,"column":42}},"line":179},"12":{"name":"(anonymous_12)","decl":{"start":{"line":191,"column":22},"end":{"line":191,"column":23}},"loc":{"start":{"line":191,"column":29},"end":{"line":191,"column":40}},"line":191},"13":{"name":"(anonymous_13)","decl":{"start":{"line":214,"column":22},"end":{"line":214,"column":23}},"loc":{"start":{"line":214,"column":29},"end":{"line":214,"column":40}},"line":214},"14":{"name":"(anonymous_14)","decl":{"start":{"line":227,"column":22},"end":{"line":227,"column":23}},"loc":{"start":{"line":227,"column":29},"end":{"line":227,"column":40}},"line":227},"15":{"name":"(anonymous_15)","decl":{"start":{"line":239,"column":22},"end":{"line":239,"column":23}},"loc":{"start":{"line":239,"column":29},"end":{"line":239,"column":40}},"line":239},"16":{"name":"(anonymous_16)","decl":{"start":{"line":248,"column":21},"end":{"line":248,"column":22}},"loc":{"start":{"line":248,"column":27},"end":{"line":248,"column":67}},"line":248},"17":{"name":"(anonymous_17)","decl":{"start":{"line":267,"column":26},"end":{"line":267,"column":27}},"loc":{"start":{"line":267,"column":33},"end":{"line":267,"column":44}},"line":267},"18":{"name":"(anonymous_18)","decl":{"start":{"line":278,"column":26},"end":{"line":278,"column":27}},"loc":{"start":{"line":278,"column":33},"end":{"line":278,"column":44}},"line":278},"19":{"name":"(anonymous_19)","decl":{"start":{"line":289,"column":26},"end":{"line":289,"column":27}},"loc":{"start":{"line":289,"column":33},"end":{"line":289,"column":44}},"line":289},"20":{"name":"(anonymous_20)","decl":{"start":{"line":300,"column":26},"end":{"line":300,"column":27}},"loc":{"start":{"line":300,"column":33},"end":{"line":300,"column":44}},"line":300},"21":{"name":"(anonymous_21)","decl":{"start":{"line":314,"column":21},"end":{"line":314,"column":22}},"loc":{"start":{"line":314,"column":27},"end":{"line":314,"column":49}},"line":314},"22":{"name":"(anonymous_22)","decl":{"start":{"line":331,"column":24},"end":{"line":331,"column":25}},"loc":{"start":{"line":331,"column":36},"end":{"line":333,"column":1}},"line":331}},"branchMap":{"0":{"loc":{"start":{"line":65,"column":14},"end":{"line":65,"column":65}},"type":"cond-expr","locations":[{"start":{"line":65,"column":43},"end":{"line":65,"column":48}},{"start":{"line":65,"column":51},"end":{"line":65,"column":65}}],"line":65},"1":{"loc":{"start":{"line":65,"column":14},"end":{"line":65,"column":40}},"type":"binary-expr","locations":[{"start":{"line":65,"column":14},"end":{"line":65,"column":21}},{"start":{"line":65,"column":25},"end":{"line":65,"column":40}}],"line":65},"2":{"loc":{"start":{"line":66,"column":15},"end":{"line":66,"column":68}},"type":"cond-expr","locations":[{"start":{"line":66,"column":45},"end":{"line":66,"column":50}},{"start":{"line":66,"column":53},"end":{"line":66,"column":68}}],"line":66},"3":{"loc":{"start":{"line":66,"column":15},"end":{"line":66,"column":42}},"type":"binary-expr","locations":[{"start":{"line":66,"column":15},"end":{"line":66,"column":22}},{"start":{"line":66,"column":26},"end":{"line":66,"column":42}}],"line":66},"4":{"loc":{"start":{"line":67,"column":16},"end":{"line":67,"column":71}},"type":"cond-expr","locations":[{"start":{"line":67,"column":47},"end":{"line":67,"column":52}},{"start":{"line":67,"column":55},"end":{"line":67,"column":71}}],"line":67},"5":{"loc":{"start":{"line":67,"column":16},"end":{"line":67,"column":44}},"type":"binary-expr","locations":[{"start":{"line":67,"column":16},"end":{"line":67,"column":23}},{"start":{"line":67,"column":27},"end":{"line":67,"column":44}}],"line":67},"6":{"loc":{"start":{"line":68,"column":15},"end":{"line":68,"column":68}},"type":"cond-expr","locations":[{"start":{"line":68,"column":45},"end":{"line":68,"column":50}},{"start":{"line":68,"column":53},"end":{"line":68,"column":68}}],"line":68},"7":{"loc":{"start":{"line":68,"column":15},"end":{"line":68,"column":42}},"type":"binary-expr","locations":[{"start":{"line":68,"column":15},"end":{"line":68,"column":22}},{"start":{"line":68,"column":26},"end":{"line":68,"column":42}}],"line":68},"8":{"loc":{"start":{"line":69,"column":14},"end":{"line":69,"column":65}},"type":"cond-expr","locations":[{"start":{"line":69,"column":43},"end":{"line":69,"column":48}},{"start":{"line":69,"column":51},"end":{"line":69,"column":65}}],"line":69},"9":{"loc":{"start":{"line":69,"column":14},"end":{"line":69,"column":40}},"type":"binary-expr","locations":[{"start":{"line":69,"column":14},"end":{"line":69,"column":21}},{"start":{"line":69,"column":25},"end":{"line":69,"column":40}}],"line":69},"10":{"loc":{"start":{"line":71,"column":8},"end":{"line":71,"column":71}},"type":"cond-expr","locations":[{"start":{"line":71,"column":43},"end":{"line":71,"column":48}},{"start":{"line":71,"column":51},"end":{"line":71,"column":71}}],"line":71},"11":{"loc":{"start":{"line":71,"column":8},"end":{"line":71,"column":40}},"type":"binary-expr","locations":[{"start":{"line":71,"column":8},"end":{"line":71,"column":15}},{"start":{"line":71,"column":19},"end":{"line":71,"column":40}}],"line":71},"12":{"loc":{"start":{"line":73,"column":8},"end":{"line":73,"column":71}},"type":"cond-expr","locations":[{"start":{"line":73,"column":43},"end":{"line":73,"column":48}},{"start":{"line":73,"column":51},"end":{"line":73,"column":71}}],"line":73},"13":{"loc":{"start":{"line":73,"column":8},"end":{"line":73,"column":40}},"type":"binary-expr","locations":[{"start":{"line":73,"column":8},"end":{"line":73,"column":15}},{"start":{"line":73,"column":19},"end":{"line":73,"column":40}}],"line":73},"14":{"loc":{"start":{"line":75,"column":8},"end":{"line":75,"column":72}},"type":"cond-expr","locations":[{"start":{"line":75,"column":45},"end":{"line":75,"column":47}},{"start":{"line":75,"column":50},"end":{"line":75,"column":72}}],"line":75},"15":{"loc":{"start":{"line":75,"column":8},"end":{"line":75,"column":42}},"type":"binary-expr","locations":[{"start":{"line":75,"column":8},"end":{"line":75,"column":15}},{"start":{"line":75,"column":19},"end":{"line":75,"column":42}}],"line":75},"16":{"loc":{"start":{"line":76,"column":15},"end":{"line":76,"column":65}},"type":"cond-expr","locations":[{"start":{"line":76,"column":45},"end":{"line":76,"column":47}},{"start":{"line":76,"column":50},"end":{"line":76,"column":65}}],"line":76},"17":{"loc":{"start":{"line":76,"column":15},"end":{"line":76,"column":42}},"type":"binary-expr","locations":[{"start":{"line":76,"column":15},"end":{"line":76,"column":22}},{"start":{"line":76,"column":26},"end":{"line":76,"column":42}}],"line":76},"18":{"loc":{"start":{"line":77,"column":11},"end":{"line":77,"column":53}},"type":"cond-expr","locations":[{"start":{"line":77,"column":37},"end":{"line":77,"column":39}},{"start":{"line":77,"column":42},"end":{"line":77,"column":53}}],"line":77},"19":{"loc":{"start":{"line":77,"column":11},"end":{"line":77,"column":34}},"type":"binary-expr","locations":[{"start":{"line":77,"column":11},"end":{"line":77,"column":18}},{"start":{"line":77,"column":22},"end":{"line":77,"column":34}}],"line":77},"20":{"loc":{"start":{"line":78,"column":16},"end":{"line":78,"column":68}},"type":"cond-expr","locations":[{"start":{"line":78,"column":47},"end":{"line":78,"column":49}},{"start":{"line":78,"column":52},"end":{"line":78,"column":68}}],"line":78},"21":{"loc":{"start":{"line":78,"column":16},"end":{"line":78,"column":44}},"type":"binary-expr","locations":[{"start":{"line":78,"column":16},"end":{"line":78,"column":23}},{"start":{"line":78,"column":27},"end":{"line":78,"column":44}}],"line":78},"22":{"loc":{"start":{"line":79,"column":15},"end":{"line":79,"column":71}},"type":"cond-expr","locations":[{"start":{"line":79,"column":44},"end":{"line":79,"column":46}},{"start":{"line":79,"column":49},"end":{"line":79,"column":71}}],"line":79},"23":{"loc":{"start":{"line":79,"column":15},"end":{"line":79,"column":41}},"type":"binary-expr","locations":[{"start":{"line":79,"column":15},"end":{"line":79,"column":22}},{"start":{"line":79,"column":26},"end":{"line":79,"column":41}}],"line":79},"24":{"loc":{"start":{"line":80,"column":16},"end":{"line":80,"column":73}},"type":"cond-expr","locations":[{"start":{"line":80,"column":45},"end":{"line":80,"column":47}},{"start":{"line":80,"column":50},"end":{"line":80,"column":73}}],"line":80},"25":{"loc":{"start":{"line":80,"column":16},"end":{"line":80,"column":42}},"type":"binary-expr","locations":[{"start":{"line":80,"column":16},"end":{"line":80,"column":23}},{"start":{"line":80,"column":27},"end":{"line":80,"column":42}}],"line":80},"26":{"loc":{"start":{"line":81,"column":16},"end":{"line":81,"column":73}},"type":"cond-expr","locations":[{"start":{"line":81,"column":45},"end":{"line":81,"column":47}},{"start":{"line":81,"column":50},"end":{"line":81,"column":73}}],"line":81},"27":{"loc":{"start":{"line":81,"column":16},"end":{"line":81,"column":42}},"type":"binary-expr","locations":[{"start":{"line":81,"column":16},"end":{"line":81,"column":23}},{"start":{"line":81,"column":27},"end":{"line":81,"column":42}}],"line":81},"28":{"loc":{"start":{"line":82,"column":15},"end":{"line":82,"column":71}},"type":"cond-expr","locations":[{"start":{"line":82,"column":44},"end":{"line":82,"column":46}},{"start":{"line":82,"column":49},"end":{"line":82,"column":71}}],"line":82},"29":{"loc":{"start":{"line":82,"column":15},"end":{"line":82,"column":41}},"type":"binary-expr","locations":[{"start":{"line":82,"column":15},"end":{"line":82,"column":22}},{"start":{"line":82,"column":26},"end":{"line":82,"column":41}}],"line":82},"30":{"loc":{"start":{"line":83,"column":17},"end":{"line":83,"column":75}},"type":"cond-expr","locations":[{"start":{"line":83,"column":46},"end":{"line":83,"column":48}},{"start":{"line":83,"column":51},"end":{"line":83,"column":75}}],"line":83},"31":{"loc":{"start":{"line":83,"column":17},"end":{"line":83,"column":43}},"type":"binary-expr","locations":[{"start":{"line":83,"column":17},"end":{"line":83,"column":24}},{"start":{"line":83,"column":28},"end":{"line":83,"column":43}}],"line":83},"32":{"loc":{"start":{"line":257,"column":9},"end":{"line":304,"column":16}},"type":"cond-expr","locations":[{"start":{"line":258,"column":10},"end":{"line":303,"column":21}},{"start":{"line":304,"column":12},"end":{"line":304,"column":16}}],"line":257}},"s":{"0":1,"1":47,"2":47,"3":47,"4":47,"5":2,"6":2,"7":47,"8":8,"9":47,"10":7,"11":47,"12":2,"13":2,"14":47,"15":1,"16":1,"17":1,"18":1,"19":1,"20":1,"21":1,"22":1,"23":1,"24":1,"25":1,"26":5,"27":1,"28":1,"29":1,"30":1,"31":1,"32":1,"33":1,"34":0},"f":{"0":47,"1":2,"2":8,"3":7,"4":2,"5":1,"6":1,"7":1,"8":1,"9":1,"10":1,"11":1,"12":1,"13":1,"14":1,"15":1,"16":5,"17":1,"18":1,"19":1,"20":1,"21":1,"22":0},"b":{"0":[1,1],"1":[2,2],"2":[1,1],"3":[2,2],"4":[1,1],"5":[2,2],"6":[1,1],"7":[2,2],"8":[1,1],"9":[2,2],"10":[1,1],"11":[2,2],"12":[1,1],"13":[2,2],"14":[1,1],"15":[2,2],"16":[1,1],"17":[2,2],"18":[1,1],"19":[2,2],"20":[1,1],"21":[2,2],"22":[1,1],"23":[2,2],"24":[1,1],"25":[2,2],"26":[1,1],"27":[2,2],"28":[1,1],"29":[2,2],"30":[1,1],"31":[2,2],"32":[9,38]},"_coverageSchema":"43e27e138ebf9cfc5966b082cf9a028302ed4184","hash":"353fba86db8cf16e8dd84affd11607af4cbedb37"}
,"/Users/brendan/Documents/development/portfolio/explorersConnect/client/src/utils/setAuthToken.js": {"path":"/Users/brendan/Documents/development/portfolio/explorersConnect/client/src/utils/setAuthToken.js","statementMap":{"0":{"start":{"line":7,"column":21},"end":{"line":14,"column":1}},"1":{"start":{"line":8,"column":2},"end":{"line":13,"column":3}},"2":{"start":{"line":10,"column":4},"end":{"line":10,"column":58}},"3":{"start":{"line":12,"column":4},"end":{"line":12,"column":57}}},"fnMap":{"0":{"name":"(anonymous_0)","decl":{"start":{"line":7,"column":21},"end":{"line":7,"column":22}},"loc":{"start":{"line":7,"column":30},"end":{"line":14,"column":1}},"line":7}},"branchMap":{"0":{"loc":{"start":{"line":8,"column":2},"end":{"line":13,"column":3}},"type":"if","locations":[{"start":{"line":8,"column":2},"end":{"line":13,"column":3}},{"start":{"line":8,"column":2},"end":{"line":13,"column":3}}],"line":8}},"s":{"0":1,"1":0,"2":0,"3":0},"f":{"0":0},"b":{"0":[0,0]},"_coverageSchema":"43e27e138ebf9cfc5966b082cf9a028302ed4184","hash":"58fcec3bc38ebf569dd663997768d8f0f337164d"}
}
