TN:
SF:/Users/brendan/Documents/development/portfolio/explorersConnect/client/src/actions/alert.js
FN:8,(anonymous_0)
FN:8,(anonymous_1)
FN:15,(anonymous_2)
FNF:3
FNH:3
FNDA:10,(anonymous_0)
FNDA:10,(anonymous_1)
FNDA:1,(anonymous_2)
DA:8,17
DA:9,10
DA:10,10
DA:15,10
LF:4
LH:4
BRDA:8,0,0,10
BRF:1
BRH:1
end_of_record
TN:
SF:/Users/brendan/Documents/development/portfolio/explorersConnect/client/src/actions/auth.js
FN:17,(anonymous_0)
FN:17,(anonymous_1)
FN:42,(anonymous_2)
FN:42,(anonymous_3)
FN:75,(anonymous_4)
FN:75,(anonymous_5)
FN:105,(anonymous_6)
FN:105,(anonymous_7)
FNF:8
FNH:8
FNDA:4,(anonymous_0)
FNDA:4,(anonymous_1)
FNDA:2,(anonymous_2)
FNDA:2,(anonymous_3)
FNDA:2,(anonymous_4)
FNDA:2,(anonymous_5)
FNDA:1,(anonymous_6)
FNDA:1,(anonymous_7)
DA:17,4
DA:19,4
DA:20,0
DA:23,4
DA:25,4
DA:28,3
DA:33,1
DA:42,4
DA:44,2
DA:51,2
DA:53,2
DA:55,2
DA:58,1
DA:63,1
DA:66,1
DA:75,4
DA:77,2
DA:84,2
DA:86,2
DA:88,2
DA:91,1
DA:95,1
DA:98,1
DA:105,4
DA:106,1
DA:109,1
LF:26
LH:25
BRDA:19,0,0,0
BRDA:19,0,1,4
BRF:2
BRH:1
end_of_record
TN:
SF:/Users/brendan/Documents/development/portfolio/explorersConnect/client/src/actions/post.js
FN:17,(anonymous_0)
FN:17,(anonymous_1)
FN:34,(anonymous_2)
FN:34,(anonymous_3)
FN:66,(anonymous_4)
FN:66,(anonymous_5)
FN:88,(anonymous_6)
FN:88,(anonymous_7)
FN:110,(anonymous_8)
FN:110,(anonymous_9)
FN:127,(anonymous_10)
FN:127,(anonymous_11)
FN:156,(anonymous_12)
FN:156,(anonymous_13)
FN:180,(anonymous_14)
FN:180,(anonymous_15)
FNF:16
FNH:16
FNDA:2,(anonymous_0)
FNDA:2,(anonymous_1)
FNDA:2,(anonymous_2)
FNDA:2,(anonymous_3)
FNDA:2,(anonymous_4)
FNDA:2,(anonymous_5)
FNDA:2,(anonymous_6)
FNDA:2,(anonymous_7)
FNDA:2,(anonymous_8)
FNDA:2,(anonymous_9)
FNDA:2,(anonymous_10)
FNDA:2,(anonymous_11)
FNDA:2,(anonymous_12)
FNDA:2,(anonymous_13)
FNDA:2,(anonymous_14)
FNDA:2,(anonymous_15)
DA:17,5
DA:18,2
DA:19,2
DA:21,1
DA:26,1
DA:34,5
DA:35,2
DA:37,2
DA:38,0
DA:42,2
DA:48,2
DA:50,1
DA:56,1
DA:58,1
DA:66,5
DA:67,2
DA:69,2
DA:70,0
DA:73,2
DA:75,1
DA:80,1
DA:88,5
DA:89,2
DA:91,2
DA:92,0
DA:95,2
DA:97,1
DA:102,1
DA:110,5
DA:111,2
DA:112,2
DA:114,1
DA:119,1
DA:127,5
DA:128,2
DA:130,2
DA:131,0
DA:135,2
DA:141,2
DA:143,1
DA:148,1
DA:156,5
DA:157,2
DA:159,2
DA:160,0
DA:163,2
DA:165,1
DA:170,1
DA:172,1
DA:180,5
DA:181,2
DA:183,2
DA:184,0
DA:187,2
DA:189,1
DA:194,1
LF:56
LH:50
BRDA:37,0,0,0
BRDA:37,0,1,2
BRDA:69,1,0,0
BRDA:69,1,1,2
BRDA:91,2,0,0
BRDA:91,2,1,2
BRDA:130,3,0,0
BRDA:130,3,1,2
BRDA:159,4,0,0
BRDA:159,4,1,2
BRDA:183,5,0,0
BRDA:183,5,1,2
BRF:12
BRH:6
end_of_record
TN:
SF:/Users/brendan/Documents/development/portfolio/explorersConnect/client/src/actions/profile.js
FN:16,(anonymous_0)
FN:16,(anonymous_1)
FN:41,(anonymous_2)
FN:41,(anonymous_3)
FN:61,(anonymous_4)
FN:61,(anonymous_5)
FN:80,(anonymous_6)
FN:84,(anonymous_7)
FN:124,(anonymous_8)
FN:124,(anonymous_9)
FN:161,(anonymous_10)
FN:161,(anonymous_11)
FN:198,(anonymous_12)
FN:198,(anonymous_13)
FN:217,(anonymous_14)
FN:217,(anonymous_15)
FN:236,(anonymous_16)
FN:236,(anonymous_17)
FNF:18
FNH:18
FNDA:2,(anonymous_0)
FNDA:2,(anonymous_1)
FNDA:2,(anonymous_2)
FNDA:2,(anonymous_3)
FNDA:2,(anonymous_4)
FNDA:2,(anonymous_5)
FNDA:2,(anonymous_6)
FNDA:2,(anonymous_7)
FNDA:2,(anonymous_8)
FNDA:2,(anonymous_9)
FNDA:2,(anonymous_10)
FNDA:2,(anonymous_11)
FNDA:2,(anonymous_12)
FNDA:2,(anonymous_13)
FNDA:2,(anonymous_14)
FNDA:2,(anonymous_15)
FNDA:3,(anonymous_16)
FNDA:3,(anonymous_17)
DA:16,9
DA:17,2
DA:19,2
DA:20,0
DA:24,2
DA:27,1
DA:33,1
DA:41,9
DA:42,2
DA:44,2
DA:47,1
DA:53,1
DA:61,9
DA:62,2
DA:64,2
DA:66,1
DA:72,1
DA:80,9
DA:84,2
DA:86,2
DA:87,0
DA:91,2
DA:97,2
DA:99,2
DA:102,1
DA:108,1
DA:112,1
DA:113,1
DA:116,1
DA:124,9
DA:126,2
DA:127,0
DA:131,2
DA:137,2
DA:139,2
DA:142,1
DA:148,1
DA:151,1
DA:153,1
DA:161,9
DA:163,2
DA:164,0
DA:168,2
DA:174,2
DA:176,2
DA:179,1
DA:185,1
DA:188,1
DA:190,1
DA:198,9
DA:199,2
DA:200,2
DA:202,1
DA:207,1
DA:209,1
DA:217,9
DA:218,2
DA:219,2
DA:221,1
DA:226,1
DA:228,1
DA:236,9
DA:237,3
DA:238,3
DA:239,3
DA:242,2
DA:247,2
DA:251,2
DA:253,1
LF:69
LH:65
BRDA:19,0,0,0
BRDA:19,0,1,2
BRDA:83,1,0,2
BRDA:86,2,0,0
BRDA:86,2,1,2
BRDA:108,3,0,0
BRDA:108,3,1,1
BRDA:112,4,0,1
BRDA:112,4,1,0
BRDA:126,5,0,0
BRDA:126,5,1,2
BRDA:163,6,0,0
BRDA:163,6,1,2
BRDA:237,7,0,3
BRDA:237,7,1,0
BRF:15
BRH:8
end_of_record
TN:
SF:/Users/brendan/Documents/development/portfolio/explorersConnect/client/src/actions/types.js
FNF:0
FNH:0
DA:1,23
DA:2,23
DA:3,23
DA:4,23
DA:5,23
DA:6,23
DA:7,23
DA:8,23
DA:9,23
DA:10,23
DA:11,23
DA:12,23
DA:13,23
DA:14,23
DA:15,23
DA:16,23
DA:17,23
DA:18,23
DA:19,23
DA:20,23
DA:21,23
DA:22,23
DA:23,23
DA:24,23
DA:25,23
DA:26,23
LF:26
LH:26
BRF:0
BRH:0
end_of_record
TN:
SF:/Users/brendan/Documents/development/portfolio/explorersConnect/client/src/components/auth/Login.js
FN:9,(anonymous_0)
FN:21,(anonymous_1)
FN:25,(anonymous_2)
FN:30,(anonymous_3)
FN:52,(anonymous_4)
FN:61,(anonymous_5)
FN:80,(anonymous_6)
FNF:7
FNH:6
FNDA:9,(anonymous_0)
FNDA:1,(anonymous_1)
FNDA:1,(anonymous_2)
FNDA:1,(anonymous_3)
FNDA:1,(anonymous_4)
FNDA:1,(anonymous_5)
FNDA:0,(anonymous_6)
DA:9,1
DA:11,9
DA:17,9
DA:21,9
DA:22,1
DA:25,9
DA:26,1
DA:30,9
DA:31,1
DA:32,1
DA:36,9
DA:37,1
DA:40,8
DA:52,1
DA:61,1
DA:74,1
DA:80,1
LF:17
LH:17
BRDA:36,0,0,1
BRDA:36,0,1,8
BRF:2
BRH:2
end_of_record
TN:
SF:/Users/brendan/Documents/development/portfolio/explorersConnect/client/src/components/auth/Register.js
FN:11,(anonymous_0)
FN:28,(anonymous_1)
FN:32,(anonymous_2)
FN:36,(anonymous_3)
FN:40,(anonymous_4)
FN:44,(anonymous_5)
FN:72,(anonymous_6)
FN:81,(anonymous_7)
FN:90,(anonymous_8)
FN:99,(anonymous_9)
FN:119,(anonymous_10)
FNF:11
FNH:10
FNDA:22,(anonymous_0)
FNDA:1,(anonymous_1)
FNDA:1,(anonymous_2)
FNDA:3,(anonymous_3)
FNDA:3,(anonymous_4)
FNDA:3,(anonymous_5)
FNDA:1,(anonymous_6)
FNDA:1,(anonymous_7)
FNDA:3,(anonymous_8)
FNDA:3,(anonymous_9)
FNDA:0,(anonymous_10)
DA:11,1
DA:17,22
DA:25,22
DA:28,22
DA:29,1
DA:32,22
DA:33,1
DA:36,22
DA:37,3
DA:40,22
DA:41,3
DA:44,22
DA:45,3
DA:46,3
DA:49,1
DA:51,2
DA:56,22
DA:57,1
DA:60,21
DA:72,1
DA:81,1
DA:90,3
DA:99,3
DA:112,1
DA:119,1
LF:25
LH:25
BRDA:46,0,0,1
BRDA:46,0,1,2
BRDA:56,1,0,1
BRDA:56,1,1,21
BRF:4
BRH:4
end_of_record
TN:
SF:/Users/brendan/Documents/development/portfolio/explorersConnect/client/src/components/dashboard/Dashboard.js
FN:13,(anonymous_0)
FN:18,(anonymous_1)
FN:56,(anonymous_2)
FNF:3
FNH:2
FNDA:7,(anonymous_0)
FNDA:1,(anonymous_1)
FNDA:0,(anonymous_2)
DA:13,1
DA:18,7
DA:19,1
DA:22,7
DA:23,1
DA:25,6
DA:51,1
DA:56,1
LF:8
LH:8
BRDA:22,0,0,1
BRDA:22,0,1,6
BRDA:28,1,0,5
BRDA:28,1,1,1
BRF:4
BRH:4
end_of_record
TN:
SF:/Users/brendan/Documents/development/portfolio/explorersConnect/client/src/components/dashboard/DashboardButtons.js
FN:4,(anonymous_0)
FNF:1
FNH:1
FNDA:4,(anonymous_0)
DA:4,2
DA:5,4
LF:2
LH:2
BRF:0
BRH:0
end_of_record
TN:
SF:/Users/brendan/Documents/development/portfolio/explorersConnect/client/src/components/dashboard/Destinations.js
FN:9,(anonymous_0)
FN:10,(anonymous_1)
FN:19,(anonymous_2)
FNF:3
FNH:3
FNDA:4,(anonymous_0)
FNDA:6,(anonymous_1)
FNDA:1,(anonymous_2)
DA:9,2
DA:10,4
DA:11,6
DA:19,1
DA:28,4
DA:48,2
LF:6
LH:6
BRF:0
BRH:0
end_of_record
TN:
SF:/Users/brendan/Documents/development/portfolio/explorersConnect/client/src/components/dashboard/Gears.js
FN:8,(anonymous_0)
FN:10,(anonymous_1)
FN:19,(anonymous_2)
FNF:3
FNH:3
FNDA:4,(anonymous_0)
FNDA:6,(anonymous_1)
FNDA:1,(anonymous_2)
DA:8,2
DA:10,4
DA:11,6
DA:19,1
DA:28,4
DA:48,2
LF:6
LH:6
BRF:0
BRH:0
end_of_record
TN:
SF:/Users/brendan/Documents/development/portfolio/explorersConnect/client/src/components/layout/Alert.js
FN:5,(anonymous_0)
FN:7,(anonymous_1)
FN:22,(anonymous_2)
FNF:3
FNH:2
FNDA:3,(anonymous_0)
FNDA:2,(anonymous_1)
FNDA:0,(anonymous_2)
DA:5,1
DA:6,3
DA:7,1
DA:8,2
DA:14,2
DA:17,1
DA:22,1
LF:7
LH:7
BRDA:6,0,0,1
BRDA:6,0,1,2
BRDA:6,1,0,3
BRDA:6,1,1,3
BRF:4
BRH:4
end_of_record
TN:
SF:/Users/brendan/Documents/development/portfolio/explorersConnect/client/src/components/layout/Landing.js
FN:8,(anonymous_0)
FN:73,(anonymous_1)
FNF:2
FNH:1
FNDA:5,(anonymous_0)
FNDA:0,(anonymous_1)
DA:8,1
DA:9,5
DA:10,1
DA:13,4
DA:69,1
DA:73,1
LF:6
LH:6
BRDA:9,0,0,1
BRDA:9,0,1,4
BRF:2
BRH:2
end_of_record
TN:
SF:/Users/brendan/Documents/development/portfolio/explorersConnect/client/src/components/layout/Navbar.js
FN:10,(anonymous_0)
FN:15,(anonymous_1)
FN:30,(anonymous_2)
FN:68,(anonymous_3)
FNF:4
FNH:3
FNDA:3,(anonymous_0)
FNDA:1,(anonymous_1)
FNDA:1,(anonymous_2)
FNDA:0,(anonymous_3)
DA:10,1
DA:15,3
DA:16,1
DA:17,1
DA:21,3
DA:30,1
DA:39,3
DA:51,3
DA:63,1
DA:68,1
LF:10
LH:10
BRDA:58,0,0,2
BRDA:58,0,1,1
BRF:2
BRH:2
end_of_record
TN:
SF:/Users/brendan/Documents/development/portfolio/explorersConnect/client/src/components/layout/Spinner.js
FN:4,(anonymous_0)
FNF:1
FNH:1
FNDA:1,(anonymous_0)
DA:4,6
DA:5,1
LF:2
LH:2
BRF:0
BRH:0
end_of_record
TN:
SF:/Users/brendan/Documents/development/portfolio/explorersConnect/client/src/components/posts/Comment.js
FN:11,(anonymous_0)
FN:20,(anonymous_1)
FN:29,(anonymous_2)
FN:42,(anonymous_3)
FN:69,(anonymous_4)
FN:79,(anonymous_5)
FN:90,(anonymous_6)
FN:112,(anonymous_7)
FNF:8
FNH:7
FNDA:15,(anonymous_0)
FNDA:1,(anonymous_1)
FNDA:3,(anonymous_2)
FNDA:1,(anonymous_3)
FNDA:3,(anonymous_4)
FNDA:1,(anonymous_5)
FNDA:26,(anonymous_6)
FNDA:0,(anonymous_7)
DA:11,1
DA:20,15
DA:21,1
DA:24,15
DA:27,15
DA:29,15
DA:30,3
DA:31,3
DA:32,2
DA:33,2
DA:34,2
DA:38,1
DA:42,15
DA:43,1
DA:49,15
DA:50,1
DA:53,14
DA:54,1
DA:58,13
DA:69,3
DA:79,1
DA:91,26
DA:104,1
DA:112,1
LF:24
LH:24
BRDA:31,0,0,2
BRDA:31,0,1,1
BRDA:49,1,0,1
BRDA:49,1,1,14
BRDA:49,2,0,15
BRDA:49,2,1,14
BRDA:49,2,2,1
BRDA:53,3,0,1
BRDA:53,3,1,13
BRDA:53,4,0,14
BRDA:53,4,1,1
BRF:11
BRH:11
end_of_record
TN:
SF:/Users/brendan/Documents/development/portfolio/explorersConnect/client/src/components/posts/CommentItem.js
FN:8,(anonymous_0)
FN:14,(anonymous_1)
FN:18,(anonymous_2)
FN:23,(anonymous_3)
FN:56,(anonymous_4)
FNF:5
FNH:4
FNDA:4,(anonymous_0)
FNDA:1,(anonymous_1)
FNDA:4,(anonymous_2)
FNDA:1,(anonymous_3)
FNDA:0,(anonymous_4)
DA:8,2
DA:14,4
DA:15,1
DA:18,4
DA:19,4
DA:20,1
DA:23,1
DA:31,4
DA:52,2
DA:56,2
LF:10
LH:10
BRDA:19,0,0,1
BRDA:19,0,1,3
BRDA:19,1,0,4
BRDA:19,1,1,1
BRF:4
BRH:4
end_of_record
TN:
SF:/Users/brendan/Documents/development/portfolio/explorersConnect/client/src/components/posts/PostItem.js
FN:11,(anonymous_0)
FN:21,(anonymous_1)
FN:29,(anonymous_2)
FN:37,(anonymous_3)
FN:50,(anonymous_4)
FN:54,(anonymous_5)
FN:59,(anonymous_6)
FN:87,(anonymous_7)
FN:90,(anonymous_8)
FN:114,(anonymous_9)
FNF:10
FNH:9
FNDA:11,(anonymous_0)
FNDA:2,(anonymous_1)
FNDA:2,(anonymous_2)
FNDA:10,(anonymous_3)
FNDA:1,(anonymous_4)
FNDA:10,(anonymous_5)
FNDA:1,(anonymous_6)
FNDA:2,(anonymous_7)
FNDA:2,(anonymous_8)
FNDA:0,(anonymous_9)
DA:11,3
DA:21,11
DA:22,2
DA:23,1
DA:25,1
DA:29,11
DA:30,2
DA:31,1
DA:33,1
DA:37,11
DA:38,10
DA:39,7
DA:50,11
DA:51,1
DA:54,11
DA:55,10
DA:56,3
DA:59,1
DA:68,11
DA:69,1
DA:71,10
DA:87,2
DA:90,2
DA:104,3
DA:114,3
LF:25
LH:25
BRDA:22,0,0,1
BRDA:22,0,1,1
BRDA:30,1,0,1
BRDA:30,1,1,1
BRDA:38,2,0,7
BRDA:38,2,1,3
BRDA:55,3,0,3
BRDA:55,3,1,7
BRDA:55,4,0,10
BRDA:55,4,1,8
BRDA:68,5,0,1
BRDA:68,5,1,10
BRF:12
BRH:12
end_of_record
TN:
SF:/Users/brendan/Documents/development/portfolio/explorersConnect/client/src/components/posts/Posts.js
FN:9,(anonymous_0)
FN:16,(anonymous_1)
FN:27,(anonymous_2)
FN:36,(anonymous_3)
FN:42,(anonymous_4)
FN:43,(anonymous_5)
FN:48,(anonymous_6)
FN:74,(anonymous_7)
FN:108,(anonymous_8)
FNF:9
FNH:8
FNDA:11,(anonymous_0)
FNDA:1,(anonymous_1)
FNDA:2,(anonymous_2)
FNDA:1,(anonymous_3)
FNDA:10,(anonymous_4)
FNDA:20,(anonymous_5)
FNDA:10,(anonymous_6)
FNDA:1,(anonymous_7)
FNDA:0,(anonymous_8)
DA:9,1
DA:16,11
DA:17,1
DA:21,11
DA:25,11
DA:27,11
DA:28,2
DA:30,2
DA:31,2
DA:36,11
DA:37,1
DA:42,11
DA:43,10
DA:44,20
DA:48,11
DA:49,10
DA:50,1
DA:58,9
DA:74,1
DA:88,11
DA:89,1
DA:91,10
DA:103,1
DA:108,1
LF:24
LH:24
BRDA:49,0,0,1
BRDA:49,0,1,9
BRDA:88,1,0,1
BRDA:88,1,1,10
BRDA:88,2,0,11
BRDA:88,2,1,10
BRF:6
BRH:6
end_of_record
TN:
SF:/Users/brendan/Documents/development/portfolio/explorersConnect/client/src/components/profile-forms/AddDestinations.js
FN:10,(anonymous_0)
FN:26,(anonymous_1)
FN:33,(anonymous_2)
FN:59,(anonymous_3)
FN:69,(anonymous_4)
FN:79,(anonymous_5)
FN:89,(anonymous_6)
FN:99,(anonymous_7)
FNF:8
FNH:8
FNDA:17,(anonymous_0)
FNDA:5,(anonymous_1)
FNDA:3,(anonymous_2)
FNDA:1,(anonymous_3)
FNDA:1,(anonymous_4)
FNDA:1,(anonymous_5)
FNDA:1,(anonymous_6)
FNDA:1,(anonymous_7)
DA:10,1
DA:14,17
DA:22,17
DA:26,17
DA:27,5
DA:33,17
DA:34,3
DA:35,3
DA:36,2
DA:38,1
DA:42,17
DA:59,1
DA:69,1
DA:79,1
DA:89,1
DA:99,1
DA:114,1
LF:17
LH:17
BRDA:35,0,0,2
BRDA:35,0,1,1
BRDA:35,1,0,3
BRDA:35,1,1,2
BRDA:35,1,2,2
BRDA:35,1,3,2
BRDA:35,1,4,2
BRF:7
BRH:7
end_of_record
TN:
SF:/Users/brendan/Documents/development/portfolio/explorersConnect/client/src/components/profile-forms/AddGears.js
FN:10,(anonymous_0)
FN:32,(anonymous_1)
FN:39,(anonymous_2)
FN:71,(anonymous_3)
FN:81,(anonymous_4)
FN:91,(anonymous_5)
FN:101,(anonymous_6)
FN:111,(anonymous_7)
FNF:8
FNH:8
FNDA:16,(anonymous_0)
FNDA:5,(anonymous_1)
FNDA:3,(anonymous_2)
FNDA:1,(anonymous_3)
FNDA:1,(anonymous_4)
FNDA:1,(anonymous_5)
FNDA:1,(anonymous_6)
FNDA:1,(anonymous_7)
DA:10,1
DA:14,16
DA:28,16
DA:32,16
DA:33,5
DA:39,16
DA:40,3
DA:41,3
DA:48,2
DA:50,1
DA:54,16
DA:71,1
DA:81,1
DA:91,1
DA:101,1
DA:111,1
DA:126,1
LF:17
LH:17
BRDA:41,0,0,2
BRDA:41,0,1,1
BRDA:42,1,0,3
BRDA:42,1,1,2
BRDA:42,1,2,2
BRDA:42,1,3,2
BRDA:42,1,4,2
BRF:7
BRH:7
end_of_record
TN:
SF:/Users/brendan/Documents/development/portfolio/explorersConnect/client/src/components/profile-forms/CreateProfile.js
FN:9,(anonymous_0)
FN:53,(anonymous_1)
FN:61,(anonymous_2)
FN:69,(anonymous_3)
FN:94,(anonymous_4)
FN:102,(anonymous_5)
FN:110,(anonymous_6)
FN:118,(anonymous_7)
FN:126,(anonymous_8)
FN:134,(anonymous_9)
FN:142,(anonymous_10)
FN:154,(anonymous_11)
FN:177,(anonymous_12)
FN:190,(anonymous_13)
FN:202,(anonymous_14)
FN:211,(anonymous_15)
FN:230,(anonymous_16)
FN:241,(anonymous_17)
FN:252,(anonymous_18)
FN:263,(anonymous_19)
FNF:20
FNH:20
FNDA:40,(anonymous_0)
FNDA:8,(anonymous_1)
FNDA:7,(anonymous_2)
FNDA:2,(anonymous_3)
FNDA:1,(anonymous_4)
FNDA:1,(anonymous_5)
FNDA:1,(anonymous_6)
FNDA:1,(anonymous_7)
FNDA:1,(anonymous_8)
FNDA:1,(anonymous_9)
FNDA:1,(anonymous_10)
FNDA:1,(anonymous_11)
FNDA:1,(anonymous_12)
FNDA:1,(anonymous_13)
FNDA:1,(anonymous_14)
FNDA:5,(anonymous_15)
FNDA:1,(anonymous_16)
FNDA:1,(anonymous_17)
FNDA:1,(anonymous_18)
FNDA:1,(anonymous_19)
DA:9,1
DA:13,40
DA:47,40
DA:49,40
DA:53,40
DA:54,8
DA:61,40
DA:62,7
DA:69,40
DA:70,2
DA:71,2
DA:74,40
DA:94,1
DA:102,1
DA:110,1
DA:118,1
DA:126,1
DA:134,1
DA:142,1
DA:154,1
DA:177,1
DA:190,1
DA:202,1
DA:211,5
DA:230,1
DA:241,1
DA:252,1
DA:263,1
DA:281,1
LF:29
LH:29
BRDA:220,0,0,9
BRDA:220,0,1,31
BRF:2
BRH:2
end_of_record
TN:
SF:/Users/brendan/Documents/development/portfolio/explorersConnect/client/src/components/profile-forms/EditProfile.js
FN:13,(anonymous_0)
FN:60,(anonymous_1)
FN:90,(anonymous_2)
FN:98,(anonymous_3)
FN:106,(anonymous_4)
FN:131,(anonymous_5)
FN:139,(anonymous_6)
FN:147,(anonymous_7)
FN:155,(anonymous_8)
FN:163,(anonymous_9)
FN:171,(anonymous_10)
FN:179,(anonymous_11)
FN:191,(anonymous_12)
FN:214,(anonymous_13)
FN:227,(anonymous_14)
FN:239,(anonymous_15)
FN:248,(anonymous_16)
FN:267,(anonymous_17)
FN:278,(anonymous_18)
FN:289,(anonymous_19)
FN:300,(anonymous_20)
FN:314,(anonymous_21)
FN:331,(anonymous_22)
FNF:23
FNH:22
FNDA:47,(anonymous_0)
FNDA:2,(anonymous_1)
FNDA:8,(anonymous_2)
FNDA:7,(anonymous_3)
FNDA:2,(anonymous_4)
FNDA:1,(anonymous_5)
FNDA:1,(anonymous_6)
FNDA:1,(anonymous_7)
FNDA:1,(anonymous_8)
FNDA:1,(anonymous_9)
FNDA:1,(anonymous_10)
FNDA:1,(anonymous_11)
FNDA:1,(anonymous_12)
FNDA:1,(anonymous_13)
FNDA:1,(anonymous_14)
FNDA:1,(anonymous_15)
FNDA:5,(anonymous_16)
FNDA:1,(anonymous_17)
FNDA:1,(anonymous_18)
FNDA:1,(anonymous_19)
FNDA:1,(anonymous_20)
FNDA:1,(anonymous_21)
FNDA:0,(anonymous_22)
DA:13,1
DA:21,47
DA:55,47
DA:57,47
DA:60,47
DA:61,2
DA:64,2
DA:90,47
DA:91,8
DA:98,47
DA:99,7
DA:106,47
DA:107,2
DA:108,2
DA:111,47
DA:131,1
DA:139,1
DA:147,1
DA:155,1
DA:163,1
DA:171,1
DA:179,1
DA:191,1
DA:214,1
DA:227,1
DA:239,1
DA:248,5
DA:267,1
DA:278,1
DA:289,1
DA:300,1
DA:314,1
DA:324,1
DA:331,1
LF:34
LH:34
BRDA:65,0,0,1
BRDA:65,0,1,1
BRDA:65,1,0,2
BRDA:65,1,1,2
BRDA:66,2,0,1
BRDA:66,2,1,1
BRDA:66,3,0,2
BRDA:66,3,1,2
BRDA:67,4,0,1
BRDA:67,4,1,1
BRDA:67,5,0,2
BRDA:67,5,1,2
BRDA:68,6,0,1
BRDA:68,6,1,1
BRDA:68,7,0,2
BRDA:68,7,1,2
BRDA:69,8,0,1
BRDA:69,8,1,1
BRDA:69,9,0,2
BRDA:69,9,1,2
BRDA:71,10,0,1
BRDA:71,10,1,1
BRDA:71,11,0,2
BRDA:71,11,1,2
BRDA:73,12,0,1
BRDA:73,12,1,1
BRDA:73,13,0,2
BRDA:73,13,1,2
BRDA:75,14,0,1
BRDA:75,14,1,1
BRDA:75,15,0,2
BRDA:75,15,1,2
BRDA:76,16,0,1
BRDA:76,16,1,1
BRDA:76,17,0,2
BRDA:76,17,1,2
BRDA:77,18,0,1
BRDA:77,18,1,1
BRDA:77,19,0,2
BRDA:77,19,1,2
BRDA:78,20,0,1
BRDA:78,20,1,1
BRDA:78,21,0,2
BRDA:78,21,1,2
BRDA:79,22,0,1
BRDA:79,22,1,1
BRDA:79,23,0,2
BRDA:79,23,1,2
BRDA:80,24,0,1
BRDA:80,24,1,1
BRDA:80,25,0,2
BRDA:80,25,1,2
BRDA:81,26,0,1
BRDA:81,26,1,1
BRDA:81,27,0,2
BRDA:81,27,1,2
BRDA:82,28,0,1
BRDA:82,28,1,1
BRDA:82,29,0,2
BRDA:82,29,1,2
BRDA:83,30,0,1
BRDA:83,30,1,1
BRDA:83,31,0,2
BRDA:83,31,1,2
BRDA:257,32,0,9
BRDA:257,32,1,38
BRF:66
BRH:66
end_of_record
TN:
SF:/Users/brendan/Documents/development/portfolio/explorersConnect/client/src/components/profiles/Profile.js
FN:10,(anonymous_0)
FN:16,(anonymous_1)
FN:46,(anonymous_2)
FN:56,(anonymous_3)
FN:66,(anonymous_4)
FN:76,(anonymous_5)
FN:86,(anonymous_6)
FN:96,(anonymous_7)
FN:106,(anonymous_8)
FN:117,(anonymous_9)
FN:124,(anonymous_10)
FN:135,(anonymous_11)
FN:142,(anonymous_12)
FN:153,(anonymous_13)
FN:160,(anonymous_14)
FN:171,(anonymous_15)
FN:178,(anonymous_16)
FN:189,(anonymous_17)
FN:196,(anonymous_18)
FN:208,(anonymous_19)
FN:215,(anonymous_20)
FN:226,(anonymous_21)
FN:233,(anonymous_22)
FN:244,(anonymous_23)
FN:251,(anonymous_24)
FN:262,(anonymous_25)
FN:269,(anonymous_26)
FN:280,(anonymous_27)
FN:287,(anonymous_28)
FN:299,(anonymous_29)
FN:317,(anonymous_30)
FN:335,(anonymous_31)
FN:353,(anonymous_32)
FN:371,(anonymous_33)
FN:445,(anonymous_34)
FNF:35
FNH:34
FNDA:32,(anonymous_0)
FNDA:1,(anonymous_1)
FNDA:30,(anonymous_2)
FNDA:30,(anonymous_3)
FNDA:30,(anonymous_4)
FNDA:30,(anonymous_5)
FNDA:30,(anonymous_6)
FNDA:30,(anonymous_7)
FNDA:30,(anonymous_8)
FNDA:30,(anonymous_9)
FNDA:29,(anonymous_10)
FNDA:30,(anonymous_11)
FNDA:29,(anonymous_12)
FNDA:30,(anonymous_13)
FNDA:29,(anonymous_14)
FNDA:30,(anonymous_15)
FNDA:29,(anonymous_16)
FNDA:30,(anonymous_17)
FNDA:29,(anonymous_18)
FNDA:30,(anonymous_19)
FNDA:29,(anonymous_20)
FNDA:30,(anonymous_21)
FNDA:29,(anonymous_22)
FNDA:30,(anonymous_23)
FNDA:29,(anonymous_24)
FNDA:30,(anonymous_25)
FNDA:29,(anonymous_26)
FNDA:30,(anonymous_27)
FNDA:29,(anonymous_28)
FNDA:30,(anonymous_29)
FNDA:30,(anonymous_30)
FNDA:30,(anonymous_31)
FNDA:30,(anonymous_32)
FNDA:30,(anonymous_33)
FNDA:0,(anonymous_34)
DA:10,1
DA:16,32
DA:17,1
DA:21,32
DA:22,2
DA:43,30
DA:46,30
DA:47,30
DA:48,29
DA:56,30
DA:57,30
DA:58,29
DA:66,30
DA:67,30
DA:68,29
DA:76,30
DA:77,30
DA:78,29
DA:86,30
DA:87,30
DA:88,29
DA:96,30
DA:97,30
DA:98,29
DA:106,30
DA:107,30
DA:108,29
DA:117,30
DA:118,30
DA:119,29
DA:125,29
DA:135,30
DA:136,30
DA:137,29
DA:143,29
DA:153,30
DA:154,30
DA:155,29
DA:161,29
DA:171,30
DA:172,30
DA:173,29
DA:179,29
DA:189,30
DA:190,30
DA:191,29
DA:197,29
DA:208,30
DA:209,30
DA:210,29
DA:216,29
DA:226,30
DA:227,30
DA:228,29
DA:234,29
DA:244,30
DA:245,30
DA:246,29
DA:252,29
DA:262,30
DA:263,30
DA:264,29
DA:270,29
DA:280,30
DA:281,30
DA:282,29
DA:288,29
DA:299,30
DA:300,30
DA:301,1
DA:307,29
DA:317,30
DA:318,30
DA:319,1
DA:325,29
DA:335,30
DA:336,30
DA:337,1
DA:343,29
DA:353,30
DA:354,30
DA:355,1
DA:361,29
DA:371,30
DA:372,30
DA:384,30
DA:441,1
DA:445,1
LF:88
LH:88
BRDA:21,0,0,2
BRDA:21,0,1,30
BRDA:21,1,0,32
BRDA:21,1,1,31
BRDA:47,2,0,29
BRDA:47,2,1,1
BRDA:57,3,0,29
BRDA:57,3,1,1
BRDA:67,4,0,29
BRDA:67,4,1,1
BRDA:77,5,0,29
BRDA:77,5,1,1
BRDA:87,6,0,29
BRDA:87,6,1,1
BRDA:97,7,0,29
BRDA:97,7,1,1
BRDA:107,8,0,29
BRDA:107,8,1,1
BRDA:118,9,0,29
BRDA:118,9,1,1
BRDA:136,10,0,29
BRDA:136,10,1,1
BRDA:154,11,0,29
BRDA:154,11,1,1
BRDA:154,12,0,30
BRDA:154,12,1,1
BRDA:172,13,0,29
BRDA:172,13,1,1
BRDA:172,14,0,30
BRDA:172,14,1,1
BRDA:190,15,0,29
BRDA:190,15,1,1
BRDA:209,16,0,29
BRDA:209,16,1,1
BRDA:227,17,0,29
BRDA:227,17,1,1
BRDA:245,18,0,29
BRDA:245,18,1,1
BRDA:245,19,0,30
BRDA:245,19,1,1
BRDA:263,20,0,29
BRDA:263,20,1,1
BRDA:263,21,0,30
BRDA:263,21,1,1
BRDA:281,22,0,29
BRDA:281,22,1,1
BRDA:300,23,0,1
BRDA:300,23,1,29
BRDA:300,24,0,30
BRDA:300,24,1,29
BRDA:318,25,0,1
BRDA:318,25,1,29
BRDA:318,26,0,30
BRDA:318,26,1,29
BRDA:336,27,0,1
BRDA:336,27,1,29
BRDA:336,28,0,30
BRDA:336,28,1,29
BRDA:354,29,0,1
BRDA:354,29,1,29
BRDA:354,30,0,30
BRDA:354,30,1,29
BRF:62
BRH:62
end_of_record
TN:
SF:/Users/brendan/Documents/development/portfolio/explorersConnect/client/src/components/profiles/ProfileItem.js
FN:6,(anonymous_0)
FN:21,(anonymous_1)
FN:39,(anonymous_2)
FN:57,(anonymous_3)
FN:75,(anonymous_4)
FN:93,(anonymous_5)
FN:111,(anonymous_6)
FN:129,(anonymous_7)
FNF:8
FNH:8
FNDA:16,(anonymous_0)
FNDA:16,(anonymous_1)
FNDA:16,(anonymous_2)
FNDA:16,(anonymous_3)
FNDA:16,(anonymous_4)
FNDA:16,(anonymous_5)
FNDA:16,(anonymous_6)
FNDA:16,(anonymous_7)
DA:6,1
DA:21,16
DA:22,16
DA:23,14
DA:24,1
DA:30,13
DA:39,16
DA:40,16
DA:41,14
DA:42,1
DA:48,13
DA:57,16
DA:58,16
DA:59,14
DA:60,1
DA:66,13
DA:75,16
DA:76,16
DA:77,14
DA:78,1
DA:84,13
DA:93,16
DA:94,16
DA:95,14
DA:96,1
DA:102,13
DA:111,16
DA:112,16
DA:113,14
DA:114,1
DA:120,13
DA:129,16
DA:130,16
DA:131,14
DA:132,1
DA:138,13
DA:147,16
DA:173,1
LF:38
LH:38
BRDA:22,0,0,14
BRDA:22,0,1,2
BRDA:23,1,0,1
BRDA:23,1,1,13
BRDA:40,2,0,14
BRDA:40,2,1,2
BRDA:41,3,0,1
BRDA:41,3,1,13
BRDA:58,4,0,14
BRDA:58,4,1,2
BRDA:59,5,0,1
BRDA:59,5,1,13
BRDA:76,6,0,14
BRDA:76,6,1,2
BRDA:77,7,0,1
BRDA:77,7,1,13
BRDA:94,8,0,14
BRDA:94,8,1,2
BRDA:95,9,0,1
BRDA:95,9,1,13
BRDA:112,10,0,14
BRDA:112,10,1,2
BRDA:113,11,0,1
BRDA:113,11,1,13
BRDA:130,12,0,14
BRDA:130,12,1,2
BRDA:131,13,0,1
BRDA:131,13,1,13
BRF:28
BRH:28
end_of_record
TN:
SF:/Users/brendan/Documents/development/portfolio/explorersConnect/client/src/reducers/alert.js
FN:6,(anonymous_0)
FN:14,(anonymous_1)
FNF:2
FNH:1
FNDA:3,(anonymous_0)
FNDA:0,(anonymous_1)
DA:3,1
DA:7,3
DA:10,3
DA:12,1
DA:14,1
DA:16,1
LF:6
LH:6
BRDA:6,0,0,3
BRDA:10,1,0,1
BRDA:10,1,1,1
BRDA:10,1,2,1
BRF:4
BRH:4
end_of_record
TN:
SF:/Users/brendan/Documents/development/portfolio/explorersConnect/client/src/reducers/auth.js
FN:19,(anonymous_0)
FNF:1
FNH:1
FNDA:8,(anonymous_0)
DA:12,1
DA:20,8
DA:22,8
DA:24,1
DA:33,2
DA:34,2
DA:46,4
DA:47,4
DA:55,1
LF:9
LH:9
BRDA:19,0,0,8
BRDA:22,1,0,1
BRDA:22,1,1,1
BRDA:22,1,2,2
BRDA:22,1,3,1
BRDA:22,1,4,2
BRDA:22,1,5,3
BRDA:22,1,6,4
BRDA:22,1,7,4
BRDA:22,1,8,1
BRF:10
BRH:10
end_of_record
TN:
SF:/Users/brendan/Documents/development/portfolio/explorersConnect/client/src/reducers/post.js
FN:22,(anonymous_0)
FN:50,(anonymous_1)
FN:78,(anonymous_2)
FN:95,(anonymous_3)
FNF:4
FNH:4
FNDA:10,(anonymous_0)
FNDA:2,(anonymous_1)
FNDA:1,(anonymous_2)
FNDA:1,(anonymous_3)
DA:13,1
DA:23,10
DA:25,10
DA:27,1
DA:34,1
DA:43,2
DA:53,2
DA:64,1
DA:71,1
DA:81,1
DA:92,1
DA:95,1
DA:100,1
DA:111,1
DA:118,1
LF:15
LH:15
BRDA:22,0,0,5
BRDA:25,1,0,1
BRDA:25,1,1,1
BRDA:25,1,2,1
BRDA:25,1,3,2
BRDA:25,1,4,1
BRDA:25,1,5,1
BRDA:25,1,6,1
BRDA:25,1,7,1
BRDA:25,1,8,1
BRDA:25,1,9,1
BRDA:53,2,0,2
BRDA:53,2,1,0
BRDA:81,3,0,1
BRDA:81,3,1,0
BRF:15
BRH:13
end_of_record
TN:
SF:/Users/brendan/Documents/development/portfolio/explorersConnect/client/src/reducers/profile.js
FN:21,(anonymous_0)
FNF:1
FNH:1
FNDA:8,(anonymous_0)
DA:14,1
DA:22,8
DA:24,8
DA:29,4
DA:35,1
DA:41,1
DA:47,1
DA:53,1
LF:8
LH:8
BRDA:21,0,0,8
BRDA:24,1,0,1
BRDA:24,1,1,2
BRDA:24,1,2,3
BRDA:24,1,3,4
BRDA:24,1,4,1
BRDA:24,1,5,1
BRDA:24,1,6,1
BRDA:24,1,7,1
BRF:9
BRH:9
end_of_record
TN:
SF:/Users/brendan/Documents/development/portfolio/explorersConnect/client/src/utils/setAuthToken.js
FN:7,(anonymous_0)
FNF:1
FNH:0
FNDA:0,(anonymous_0)
DA:7,18
DA:8,0
DA:10,0
DA:12,0
LF:4
LH:1
BRDA:8,0,0,0
BRDA:8,0,1,0
BRF:2
BRH:0
end_of_record
