TN:
SF:/Users/brendan/Documents/development/portfolio/explorersConnect/client/src/actions/alert.js
FN:8,(anonymous_0)
FN:8,(anonymous_1)
FN:15,(anonymous_2)
FNF:3
FNH:0
FNDA:0,(anonymous_0)
FNDA:0,(anonymous_1)
FNDA:0,(anonymous_2)
DA:8,1
DA:9,0
DA:10,0
DA:15,0
LF:4
LH:1
BRDA:8,0,0,0
BRF:1
BRH:0
end_of_record
TN:
SF:/Users/brendan/Documents/development/portfolio/explorersConnect/client/src/actions/profile.js
FN:16,(anonymous_0)
FN:16,(anonymous_1)
FN:41,(anonymous_2)
FN:41,(anonymous_3)
FN:61,(anonymous_4)
FN:61,(anonymous_5)
FN:80,(anonymous_6)
FN:84,(anonymous_7)
FN:124,(anonymous_8)
FN:124,(anonymous_9)
FN:161,(anonymous_10)
FN:161,(anonymous_11)
FN:198,(anonymous_12)
FN:198,(anonymous_13)
FN:217,(anonymous_14)
FN:217,(anonymous_15)
FN:236,(anonymous_16)
FN:236,(anonymous_17)
FNF:18
FNH:0
FNDA:0,(anonymous_0)
FNDA:0,(anonymous_1)
FNDA:0,(anonymous_2)
FNDA:0,(anonymous_3)
FNDA:0,(anonymous_4)
FNDA:0,(anonymous_5)
FNDA:0,(anonymous_6)
FNDA:0,(anonymous_7)
FNDA:0,(anonymous_8)
FNDA:0,(anonymous_9)
FNDA:0,(anonymous_10)
FNDA:0,(anonymous_11)
FNDA:0,(anonymous_12)
FNDA:0,(anonymous_13)
FNDA:0,(anonymous_14)
FNDA:0,(anonymous_15)
FNDA:0,(anonymous_16)
FNDA:0,(anonymous_17)
DA:16,1
DA:17,0
DA:19,0
DA:20,0
DA:24,0
DA:27,0
DA:33,0
DA:41,1
DA:42,0
DA:44,0
DA:47,0
DA:53,0
DA:61,1
DA:62,0
DA:64,0
DA:66,0
DA:72,0
DA:80,1
DA:84,0
DA:86,0
DA:87,0
DA:91,0
DA:97,0
DA:99,0
DA:102,0
DA:108,0
DA:112,0
DA:113,0
DA:116,0
DA:124,1
DA:126,0
DA:127,0
DA:131,0
DA:137,0
DA:139,0
DA:142,0
DA:148,0
DA:151,0
DA:153,0
DA:161,1
DA:163,0
DA:164,0
DA:168,0
DA:174,0
DA:176,0
DA:179,0
DA:185,0
DA:188,0
DA:190,0
DA:198,1
DA:199,0
DA:200,0
DA:202,0
DA:207,0
DA:209,0
DA:217,1
DA:218,0
DA:219,0
DA:221,0
DA:226,0
DA:228,0
DA:236,1
DA:237,0
DA:238,0
DA:239,0
DA:242,0
DA:247,0
DA:251,0
DA:253,0
LF:69
LH:9
BRDA:19,0,0,0
BRDA:19,0,1,0
BRDA:83,1,0,0
BRDA:86,2,0,0
BRDA:86,2,1,0
BRDA:108,3,0,0
BRDA:108,3,1,0
BRDA:112,4,0,0
BRDA:112,4,1,0
BRDA:126,5,0,0
BRDA:126,5,1,0
BRDA:163,6,0,0
BRDA:163,6,1,0
BRDA:237,7,0,0
BRDA:237,7,1,0
BRF:15
BRH:0
end_of_record
TN:
SF:/Users/brendan/Documents/development/portfolio/explorersConnect/client/src/actions/types.js
FNF:0
FNH:0
DA:1,1
DA:2,1
DA:3,1
DA:4,1
DA:5,1
DA:6,1
DA:7,1
DA:8,1
DA:9,1
DA:10,1
DA:11,1
DA:12,1
DA:13,1
DA:14,1
DA:15,1
DA:16,1
DA:17,1
DA:18,1
DA:19,1
DA:20,1
DA:21,1
DA:22,1
DA:23,1
DA:24,1
DA:25,1
DA:26,1
LF:26
LH:26
BRF:0
BRH:0
end_of_record
TN:
SF:/Users/brendan/Documents/development/portfolio/explorersConnect/client/src/components/layout/Spinner.js
FN:4,(anonymous_0)
FNF:1
FNH:0
FNDA:0,(anonymous_0)
DA:4,1
DA:5,0
LF:2
LH:1
BRF:0
BRH:0
end_of_record
TN:
SF:/Users/brendan/Documents/development/portfolio/explorersConnect/client/src/components/profiles/ProfileItem.js
FN:6,(anonymous_0)
FN:21,(anonymous_1)
FN:39,(anonymous_2)
FN:57,(anonymous_3)
FN:75,(anonymous_4)
FN:93,(anonymous_5)
FN:111,(anonymous_6)
FN:129,(anonymous_7)
FNF:8
FNH:0
FNDA:0,(anonymous_0)
FNDA:0,(anonymous_1)
FNDA:0,(anonymous_2)
FNDA:0,(anonymous_3)
FNDA:0,(anonymous_4)
FNDA:0,(anonymous_5)
FNDA:0,(anonymous_6)
FNDA:0,(anonymous_7)
DA:6,1
DA:21,0
DA:22,0
DA:23,0
DA:24,0
DA:30,0
DA:39,0
DA:40,0
DA:41,0
DA:42,0
DA:48,0
DA:57,0
DA:58,0
DA:59,0
DA:60,0
DA:66,0
DA:75,0
DA:76,0
DA:77,0
DA:78,0
DA:84,0
DA:93,0
DA:94,0
DA:95,0
DA:96,0
DA:102,0
DA:111,0
DA:112,0
DA:113,0
DA:114,0
DA:120,0
DA:129,0
DA:130,0
DA:131,0
DA:132,0
DA:138,0
DA:147,0
DA:173,1
LF:38
LH:2
BRDA:22,0,0,0
BRDA:22,0,1,0
BRDA:23,1,0,0
BRDA:23,1,1,0
BRDA:40,2,0,0
BRDA:40,2,1,0
BRDA:41,3,0,0
BRDA:41,3,1,0
BRDA:58,4,0,0
BRDA:58,4,1,0
BRDA:59,5,0,0
BRDA:59,5,1,0
BRDA:76,6,0,0
BRDA:76,6,1,0
BRDA:77,7,0,0
BRDA:77,7,1,0
BRDA:94,8,0,0
BRDA:94,8,1,0
BRDA:95,9,0,0
BRDA:95,9,1,0
BRDA:112,10,0,0
BRDA:112,10,1,0
BRDA:113,11,0,0
BRDA:113,11,1,0
BRDA:130,12,0,0
BRDA:130,12,1,0
BRDA:131,13,0,0
BRDA:131,13,1,0
BRF:28
BRH:0
end_of_record
TN:
SF:/Users/brendan/Documents/development/portfolio/explorersConnect/client/src/components/profiles/Profiles.js
FN:10,(anonymous_0)
FN:12,(anonymous_1)
FN:27,(anonymous_2)
FN:40,(anonymous_3)
FNF:4
FNH:3
FNDA:5,(anonymous_0)
FNDA:1,(anonymous_1)
FNDA:6,(anonymous_2)
FNDA:0,(anonymous_3)
DA:10,1
DA:12,5
DA:13,1
DA:16,5
DA:17,2
DA:19,3
DA:28,6
DA:35,1
DA:40,1
LF:9
LH:9
BRDA:16,0,0,2
BRDA:16,0,1,3
BRDA:16,1,0,5
BRDA:16,1,1,4
BRF:4
BRH:4
end_of_record
TN:
SF:/Users/brendan/Documents/development/portfolio/explorersConnect/client/src/utils/setAuthToken.js
FN:7,(anonymous_0)
FNF:1
FNH:0
FNDA:0,(anonymous_0)
DA:7,1
DA:8,0
DA:10,0
DA:12,0
LF:4
LH:1
BRDA:8,0,0,0
BRDA:8,0,1,0
BRF:2
BRH:0
end_of_record
